{"/Users/nak0x/Code/JS CRAP/lead-tech/Project/app/config.js": {"path":"/Users/nak0x/Code/JS CRAP/lead-tech/Project/app/config.js","statementMap":{"0":{"start":{"line":9,"column":0},"end":{"line":9,"column":27}},"1":{"start":{"line":13,"column":20},"end":{"line":13,"column":50}},"2":{"start":{"line":14,"column":21},"end":{"line":14,"column":43}},"3":{"start":{"line":16,"column":0},"end":{"line":34,"column":2}}},"fnMap":{},"branchMap":{"0":{"loc":{"start":{"line":13,"column":20},"end":{"line":13,"column":50}},"type":"binary-expr","locations":[{"start":{"line":13,"column":20},"end":{"line":13,"column":44}},{"start":{"line":13,"column":48},"end":{"line":13,"column":50}}],"line":13},"1":{"loc":{"start":{"line":18,"column":13},"end":{"line":18,"column":61}},"type":"binary-expr","locations":[{"start":{"line":18,"column":13},"end":{"line":18,"column":45}},{"start":{"line":18,"column":49},"end":{"line":18,"column":61}}],"line":18},"2":{"loc":{"start":{"line":21,"column":13},"end":{"line":21,"column":53}},"type":"binary-expr","locations":[{"start":{"line":21,"column":13},"end":{"line":21,"column":37}},{"start":{"line":21,"column":41},"end":{"line":21,"column":53}}],"line":21},"3":{"loc":{"start":{"line":22,"column":20},"end":{"line":22,"column":67}},"type":"binary-expr","locations":[{"start":{"line":22,"column":20},"end":{"line":22,"column":51}},{"start":{"line":22,"column":55},"end":{"line":22,"column":67}}],"line":22},"4":{"loc":{"start":{"line":25,"column":17},"end":{"line":25,"column":64}},"type":"binary-expr","locations":[{"start":{"line":25,"column":17},"end":{"line":25,"column":43}},{"start":{"line":25,"column":47},"end":{"line":25,"column":64}}],"line":25},"5":{"loc":{"start":{"line":29,"column":17},"end":{"line":31,"column":37}},"type":"cond-expr","locations":[{"start":{"line":30,"column":6},"end":{"line":30,"column":44}},{"start":{"line":31,"column":6},"end":{"line":31,"column":37}}],"line":29}},"s":{"0":1,"1":1,"2":1,"3":1},"f":{},"b":{"0":[1,1],"1":[1,1],"2":[1,1],"3":[1,1],"4":[1,1],"5":[0,1]},"_coverageSchema":"1a1c01bbd47fc00a2c39e90264f33305004495a9","hash":"c11c048dbe111fe4f077a540beea65744cf89480"}
,"/Users/nak0x/Code/JS CRAP/lead-tech/Project/app/form_validator.js": {"path":"/Users/nak0x/Code/JS CRAP/lead-tech/Project/app/form_validator.js","statementMap":{"0":{"start":{"line":3,"column":34},"end":{"line":3,"column":50}},"1":{"start":{"line":4,"column":2},"end":{"line":4,"column":45}},"2":{"start":{"line":8,"column":2},"end":{"line":8,"column":44}},"3":{"start":{"line":12,"column":2},"end":{"line":12,"column":68}},"4":{"start":{"line":15,"column":0},"end":{"line":19,"column":2}}},"fnMap":{"0":{"name":"isValidCommaDelimitedList","decl":{"start":{"line":1,"column":9},"end":{"line":1,"column":34}},"loc":{"start":{"line":1,"column":42},"end":{"line":5,"column":1}},"line":1},"1":{"name":"isValidTagmode","decl":{"start":{"line":7,"column":9},"end":{"line":7,"column":23}},"loc":{"start":{"line":7,"column":31},"end":{"line":9,"column":1}},"line":7},"2":{"name":"hasValidFlickrAPIParams","decl":{"start":{"line":11,"column":9},"end":{"line":11,"column":32}},"loc":{"start":{"line":11,"column":48},"end":{"line":13,"column":1}},"line":11}},"branchMap":{"0":{"loc":{"start":{"line":8,"column":9},"end":{"line":8,"column":43}},"type":"binary-expr","locations":[{"start":{"line":8,"column":9},"end":{"line":8,"column":24}},{"start":{"line":8,"column":28},"end":{"line":8,"column":43}}],"line":8},"1":{"loc":{"start":{"line":12,"column":9},"end":{"line":12,"column":67}},"type":"binary-expr","locations":[{"start":{"line":12,"column":9},"end":{"line":12,"column":40}},{"start":{"line":12,"column":44},"end":{"line":12,"column":67}}],"line":12}},"s":{"0":10,"1":10,"2":7,"3":6,"4":2},"f":{"0":10,"1":7,"2":6},"b":{"0":[7,3],"1":[6,4]},"_coverageSchema":"1a1c01bbd47fc00a2c39e90264f33305004495a9","hash":"ebc844e4d04832d164508a3ca809ea2e5e5a9431"}
,"/Users/nak0x/Code/JS CRAP/lead-tech/Project/app/jsonp_helper.js": {"path":"/Users/nak0x/Code/JS CRAP/lead-tech/Project/app/jsonp_helper.js","statementMap":{"0":{"start":{"line":2,"column":2},"end":{"line":14,"column":3}},"1":{"start":{"line":3,"column":21},"end":{"line":3,"column":44}},"2":{"start":{"line":4,"column":19},"end":{"line":4,"column":46}},"3":{"start":{"line":5,"column":21},"end":{"line":5,"column":66}},"4":{"start":{"line":8,"column":4},"end":{"line":8,"column":49}},"5":{"start":{"line":10,"column":4},"end":{"line":10,"column":34}},"6":{"start":{"line":12,"column":18},"end":{"line":12,"column":76}},"7":{"start":{"line":13,"column":4},"end":{"line":13,"column":16}},"8":{"start":{"line":17,"column":0},"end":{"line":19,"column":2}}},"fnMap":{"0":{"name":"parseJSONP","decl":{"start":{"line":1,"column":9},"end":{"line":1,"column":19}},"loc":{"start":{"line":1,"column":31},"end":{"line":15,"column":1}},"line":1}},"branchMap":{},"s":{"0":5,"1":5,"2":5,"3":5,"4":5,"5":5,"6":2,"7":2,"8":4},"f":{"0":5},"b":{},"_coverageSchema":"1a1c01bbd47fc00a2c39e90264f33305004495a9","hash":"497f281c6675a255d031677ff14870875613fdf5"}
,"/Users/nak0x/Code/JS CRAP/lead-tech/Project/app/photo_model.js": {"path":"/Users/nak0x/Code/JS CRAP/lead-tech/Project/app/photo_model.js","statementMap":{"0":{"start":{"line":1,"column":12},"end":{"line":1,"column":26}},"1":{"start":{"line":2,"column":20},"end":{"line":2,"column":42}},"2":{"start":{"line":3,"column":20},"end":{"line":3,"column":45}},"3":{"start":{"line":6,"column":13},"end":{"line":6,"column":69}},"4":{"start":{"line":8,"column":18},"end":{"line":8,"column":81}},"5":{"start":{"line":10,"column":2},"end":{"line":19,"column":5}},"6":{"start":{"line":11,"column":22},"end":{"line":11,"column":59}},"7":{"start":{"line":13,"column":4},"end":{"line":16,"column":7}},"8":{"start":{"line":14,"column":6},"end":{"line":14,"column":64}},"9":{"start":{"line":15,"column":6},"end":{"line":15,"column":64}},"10":{"start":{"line":18,"column":4},"end":{"line":18,"column":27}},"11":{"start":{"line":22,"column":0},"end":{"line":24,"column":2}}},"fnMap":{"0":{"name":"getFlickrPhotos","decl":{"start":{"line":5,"column":9},"end":{"line":5,"column":24}},"loc":{"start":{"line":5,"column":40},"end":{"line":20,"column":1}},"line":5},"1":{"name":"(anonymous_1)","decl":{"start":{"line":10,"column":39},"end":{"line":10,"column":40}},"loc":{"start":{"line":10,"column":51},"end":{"line":19,"column":3}},"line":10},"2":{"name":"(anonymous_2)","decl":{"start":{"line":13,"column":28},"end":{"line":13,"column":29}},"loc":{"start":{"line":13,"column":37},"end":{"line":16,"column":5}},"line":13}},"branchMap":{},"s":{"0":3,"1":3,"2":3,"3":3,"4":3,"5":3,"6":2,"7":1,"8":2,"9":2,"10":1,"11":3},"f":{"0":3,"1":2,"2":2},"b":{},"_coverageSchema":"1a1c01bbd47fc00a2c39e90264f33305004495a9","hash":"a2e503e488aa2fcbbbec0aa9c65fc9624349f1e0"}
,"/Users/nak0x/Code/JS CRAP/lead-tech/Project/app/route.js": {"path":"/Users/nak0x/Code/JS CRAP/lead-tech/Project/app/route.js","statementMap":{"0":{"start":{"line":1,"column":22},"end":{"line":1,"column":49}},"1":{"start":{"line":2,"column":19},"end":{"line":2,"column":43}},"2":{"start":{"line":3,"column":17},"end":{"line":3,"column":44}},"3":{"start":{"line":4,"column":17},"end":{"line":4,"column":45}},"4":{"start":{"line":5,"column":16},"end":{"line":5,"column":44}},"5":{"start":{"line":8,"column":2},"end":{"line":56,"column":5}},"6":{"start":{"line":9,"column":17},"end":{"line":9,"column":31}},"7":{"start":{"line":10,"column":20},"end":{"line":10,"column":37}},"8":{"start":{"line":12,"column":30},"end":{"line":20,"column":5}},"9":{"start":{"line":23,"column":4},"end":{"line":25,"column":5}},"10":{"start":{"line":24,"column":6},"end":{"line":24,"column":52}},"11":{"start":{"line":28,"column":4},"end":{"line":31,"column":5}},"12":{"start":{"line":29,"column":6},"end":{"line":29,"column":49}},"13":{"start":{"line":30,"column":6},"end":{"line":30,"column":52}},"14":{"start":{"line":35,"column":32},"end":{"line":35,"column":60}},"15":{"start":{"line":36,"column":4},"end":{"line":42,"column":5}},"16":{"start":{"line":37,"column":6},"end":{"line":41,"column":7}},"17":{"start":{"line":38,"column":8},"end":{"line":38,"column":93}},"18":{"start":{"line":40,"column":8},"end":{"line":40,"column":62}},"19":{"start":{"line":45,"column":4},"end":{"line":55,"column":9}},"20":{"start":{"line":48,"column":8},"end":{"line":48,"column":42}},"21":{"start":{"line":49,"column":8},"end":{"line":49,"column":47}},"22":{"start":{"line":50,"column":8},"end":{"line":50,"column":54}},"23":{"start":{"line":53,"column":8},"end":{"line":53,"column":43}},"24":{"start":{"line":54,"column":8},"end":{"line":54,"column":47}},"25":{"start":{"line":59,"column":2},"end":{"line":74,"column":5}},"26":{"start":{"line":60,"column":17},"end":{"line":60,"column":31}},"27":{"start":{"line":61,"column":20},"end":{"line":61,"column":46}},"28":{"start":{"line":63,"column":4},"end":{"line":65,"column":5}},"29":{"start":{"line":64,"column":6},"end":{"line":64,"column":79}},"30":{"start":{"line":67,"column":4},"end":{"line":73,"column":5}},"31":{"start":{"line":68,"column":24},"end":{"line":68,"column":67}},"32":{"start":{"line":69,"column":6},"end":{"line":69,"column":73}},"33":{"start":{"line":71,"column":6},"end":{"line":71,"column":56}},"34":{"start":{"line":72,"column":6},"end":{"line":72,"column":72}},"35":{"start":{"line":77,"column":0},"end":{"line":77,"column":23}}},"fnMap":{"0":{"name":"route","decl":{"start":{"line":7,"column":9},"end":{"line":7,"column":14}},"loc":{"start":{"line":7,"column":20},"end":{"line":75,"column":1}},"line":7},"1":{"name":"(anonymous_1)","decl":{"start":{"line":8,"column":15},"end":{"line":8,"column":16}},"loc":{"start":{"line":8,"column":35},"end":{"line":56,"column":3}},"line":8},"2":{"name":"(anonymous_2)","decl":{"start":{"line":47,"column":12},"end":{"line":47,"column":13}},"loc":{"start":{"line":47,"column":22},"end":{"line":51,"column":7}},"line":47},"3":{"name":"(anonymous_3)","decl":{"start":{"line":52,"column":13},"end":{"line":52,"column":14}},"loc":{"start":{"line":52,"column":22},"end":{"line":55,"column":7}},"line":52},"4":{"name":"(anonymous_4)","decl":{"start":{"line":59,"column":19},"end":{"line":59,"column":20}},"loc":{"start":{"line":59,"column":39},"end":{"line":74,"column":3}},"line":59}},"branchMap":{"0":{"loc":{"start":{"line":13,"column":21},"end":{"line":13,"column":31}},"type":"binary-expr","locations":[{"start":{"line":13,"column":21},"end":{"line":13,"column":25}},{"start":{"line":13,"column":29},"end":{"line":13,"column":31}}],"line":13},"1":{"loc":{"start":{"line":14,"column":24},"end":{"line":14,"column":37}},"type":"binary-expr","locations":[{"start":{"line":14,"column":24},"end":{"line":14,"column":31}},{"start":{"line":14,"column":35},"end":{"line":14,"column":37}}],"line":14},"2":{"loc":{"start":{"line":23,"column":4},"end":{"line":25,"column":5}},"type":"if","locations":[{"start":{"line":23,"column":4},"end":{"line":25,"column":5}},{"start":{},"end":{}}],"line":23},"3":{"loc":{"start":{"line":23,"column":8},"end":{"line":23,"column":25}},"type":"binary-expr","locations":[{"start":{"line":23,"column":8},"end":{"line":23,"column":13}},{"start":{"line":23,"column":17},"end":{"line":23,"column":25}}],"line":23},"4":{"loc":{"start":{"line":28,"column":4},"end":{"line":31,"column":5}},"type":"if","locations":[{"start":{"line":28,"column":4},"end":{"line":31,"column":5}},{"start":{},"end":{}}],"line":28},"5":{"loc":{"start":{"line":36,"column":4},"end":{"line":42,"column":5}},"type":"if","locations":[{"start":{"line":36,"column":4},"end":{"line":42,"column":5}},{"start":{},"end":{}}],"line":36},"6":{"loc":{"start":{"line":61,"column":20},"end":{"line":61,"column":46}},"type":"binary-expr","locations":[{"start":{"line":61,"column":20},"end":{"line":61,"column":37}},{"start":{"line":61,"column":41},"end":{"line":61,"column":46}}],"line":61},"7":{"loc":{"start":{"line":63,"column":4},"end":{"line":65,"column":5}},"type":"if","locations":[{"start":{"line":63,"column":4},"end":{"line":65,"column":5}},{"start":{},"end":{}}],"line":63}},"s":{"0":1,"1":1,"2":1,"3":1,"4":1,"5":1,"6":4,"7":4,"8":4,"9":4,"10":1,"11":3,"12":1,"13":1,"14":2,"15":2,"16":0,"17":0,"18":0,"19":2,"20":1,"21":1,"22":1,"23":1,"24":1,"25":1,"26":0,"27":0,"28":0,"29":0,"30":0,"31":0,"32":0,"33":0,"34":0,"35":1},"f":{"0":1,"1":4,"2":1,"3":1,"4":0},"b":{"0":[4,1],"1":[4,1],"2":[1,3],"3":[4,1],"4":[1,2],"5":[0,2],"6":[0,0],"7":[0,0]},"_coverageSchema":"1a1c01bbd47fc00a2c39e90264f33305004495a9","hash":"dea2223612b3c4ec0d591be478a5414709b0751d"}
,"/Users/nak0x/Code/JS CRAP/lead-tech/Project/app/server.js": {"path":"/Users/nak0x/Code/JS CRAP/lead-tech/Project/app/server.js","statementMap":{"0":{"start":{"line":3,"column":0},"end":{"line":3,"column":27}},"1":{"start":{"line":5,"column":16},"end":{"line":5,"column":34}},"2":{"start":{"line":6,"column":16},"end":{"line":6,"column":40}},"3":{"start":{"line":7,"column":13},"end":{"line":7,"column":28}},"4":{"start":{"line":9,"column":15},"end":{"line":9,"column":34}},"5":{"start":{"line":15,"column":0},"end":{"line":17,"column":3}},"6":{"start":{"line":16,"column":2},"end":{"line":16,"column":57}},"7":{"start":{"line":19,"column":12},"end":{"line":19,"column":21}},"8":{"start":{"line":22,"column":0},"end":{"line":22,"column":56}},"9":{"start":{"line":23,"column":0},"end":{"line":23,"column":71}},"10":{"start":{"line":24,"column":0},"end":{"line":24,"column":77}},"11":{"start":{"line":27,"column":0},"end":{"line":27,"column":46}},"12":{"start":{"line":28,"column":0},"end":{"line":28,"column":48}},"13":{"start":{"line":29,"column":0},"end":{"line":29,"column":31}},"14":{"start":{"line":32,"column":0},"end":{"line":32,"column":24}},"15":{"start":{"line":35,"column":13},"end":{"line":35,"column":37}},"16":{"start":{"line":36,"column":0},"end":{"line":36,"column":30}},"17":{"start":{"line":37,"column":0},"end":{"line":37,"column":41}},"18":{"start":{"line":42,"column":0},"end":{"line":44,"column":1}},"19":{"start":{"line":43,"column":2},"end":{"line":43,"column":44}},"20":{"start":{"line":46,"column":0},"end":{"line":46,"column":21}}},"fnMap":{"0":{"name":"(anonymous_0)","decl":{"start":{"line":15,"column":33},"end":{"line":15,"column":34}},"loc":{"start":{"line":15,"column":43},"end":{"line":17,"column":1}},"line":15}},"branchMap":{"0":{"loc":{"start":{"line":35,"column":13},"end":{"line":35,"column":37}},"type":"binary-expr","locations":[{"start":{"line":35,"column":13},"end":{"line":35,"column":29}},{"start":{"line":35,"column":33},"end":{"line":35,"column":37}}],"line":35},"1":{"loc":{"start":{"line":42,"column":0},"end":{"line":44,"column":1}},"type":"if","locations":[{"start":{"line":42,"column":0},"end":{"line":44,"column":1}},{"start":{},"end":{}}],"line":42}},"s":{"0":1,"1":1,"2":1,"3":1,"4":1,"5":1,"6":0,"7":1,"8":1,"9":1,"10":1,"11":1,"12":1,"13":1,"14":1,"15":1,"16":1,"17":1,"18":1,"19":0,"20":1},"f":{"0":0},"b":{"0":[1,1],"1":[0,1]},"_coverageSchema":"1a1c01bbd47fc00a2c39e90264f33305004495a9","hash":"c61068818beae3b50bdbe93ee0ca0b7723c4736a"}
,"/Users/nak0x/Code/JS CRAP/lead-tech/Project/app/queue/job_store.js": {"path":"/Users/nak0x/Code/JS CRAP/lead-tech/Project/app/queue/job_store.js","statementMap":{"0":{"start":{"line":5,"column":22},"end":{"line":5,"column":31}},"1":{"start":{"line":8,"column":2},"end":{"line":8,"column":49}},"2":{"start":{"line":13,"column":2},"end":{"line":13,"column":52}},"3":{"start":{"line":18,"column":2},"end":{"line":18,"column":47}},"4":{"start":{"line":21,"column":0},"end":{"line":25,"column":2}}},"fnMap":{"0":{"name":"normalizeKey","decl":{"start":{"line":7,"column":9},"end":{"line":7,"column":21}},"loc":{"start":{"line":7,"column":28},"end":{"line":9,"column":1}},"line":7},"1":{"name":"markComplete","decl":{"start":{"line":12,"column":9},"end":{"line":12,"column":21}},"loc":{"start":{"line":12,"column":40},"end":{"line":14,"column":1}},"line":12},"2":{"name":"getObjectName","decl":{"start":{"line":17,"column":9},"end":{"line":17,"column":22}},"loc":{"start":{"line":17,"column":29},"end":{"line":19,"column":1}},"line":17}},"branchMap":{"0":{"loc":{"start":{"line":8,"column":16},"end":{"line":8,"column":26}},"type":"binary-expr","locations":[{"start":{"line":8,"column":16},"end":{"line":8,"column":20}},{"start":{"line":8,"column":24},"end":{"line":8,"column":26}}],"line":8}},"s":{"0":1,"1":2,"2":0,"3":2,"4":1},"f":{"0":2,"1":0,"2":2},"b":{"0":[2,0]},"_coverageSchema":"1a1c01bbd47fc00a2c39e90264f33305004495a9","hash":"ae3f7041017b41f09394fb5e27b29cca5119a0bd"}
,"/Users/nak0x/Code/JS CRAP/lead-tech/Project/app/queue/producer.js": {"path":"/Users/nak0x/Code/JS CRAP/lead-tech/Project/app/queue/producer.js","statementMap":{"0":{"start":{"line":4,"column":19},"end":{"line":4,"column":50}},"1":{"start":{"line":5,"column":15},"end":{"line":5,"column":35}},"2":{"start":{"line":7,"column":15},"end":{"line":7,"column":58}},"3":{"start":{"line":12,"column":18},"end":{"line":12,"column":53}},"4":{"start":{"line":13,"column":21},"end":{"line":13,"column":57}},"5":{"start":{"line":15,"column":2},"end":{"line":15,"column":77}},"6":{"start":{"line":18,"column":0},"end":{"line":20,"column":2}}},"fnMap":{"0":{"name":"publishZipJob","decl":{"start":{"line":11,"column":9},"end":{"line":11,"column":22}},"loc":{"start":{"line":11,"column":38},"end":{"line":16,"column":1}},"line":11}},"branchMap":{"0":{"loc":{"start":{"line":12,"column":35},"end":{"line":12,"column":51}},"type":"binary-expr","locations":[{"start":{"line":12,"column":35},"end":{"line":12,"column":42}},{"start":{"line":12,"column":46},"end":{"line":12,"column":51}}],"line":12}},"s":{"0":1,"1":1,"2":1,"3":0,"4":0,"5":0,"6":1},"f":{"0":0},"b":{"0":[0,0]},"_coverageSchema":"1a1c01bbd47fc00a2c39e90264f33305004495a9","hash":"b8a04d22583023b0bb307efdf4338a0c121754fc"}
,"/Users/nak0x/Code/JS CRAP/lead-tech/Project/app/storage/storage.js": {"path":"/Users/nak0x/Code/JS CRAP/lead-tech/Project/app/storage/storage.js","statementMap":{"0":{"start":{"line":3,"column":20},"end":{"line":3,"column":52}},"1":{"start":{"line":4,"column":15},"end":{"line":4,"column":32}},"2":{"start":{"line":5,"column":15},"end":{"line":5,"column":35}},"3":{"start":{"line":7,"column":16},"end":{"line":7,"column":60}},"4":{"start":{"line":11,"column":15},"end":{"line":11,"column":68}},"5":{"start":{"line":13,"column":17},"end":{"line":19,"column":4}},"6":{"start":{"line":21,"column":2},"end":{"line":31,"column":5}},"7":{"start":{"line":22,"column":4},"end":{"line":24,"column":7}},"8":{"start":{"line":23,"column":6},"end":{"line":23,"column":18}},"9":{"start":{"line":26,"column":4},"end":{"line":28,"column":7}},"10":{"start":{"line":27,"column":6},"end":{"line":27,"column":20}},"11":{"start":{"line":30,"column":4},"end":{"line":30,"column":23}},"12":{"start":{"line":36,"column":18},"end":{"line":39,"column":3}},"13":{"start":{"line":41,"column":21},"end":{"line":44,"column":26}},"14":{"start":{"line":46,"column":2},"end":{"line":46,"column":23}},"15":{"start":{"line":49,"column":0},"end":{"line":52,"column":2}}},"fnMap":{"0":{"name":"uploadBuffer","decl":{"start":{"line":10,"column":9},"end":{"line":10,"column":21}},"loc":{"start":{"line":10,"column":55},"end":{"line":32,"column":1}},"line":10},"1":{"name":"(anonymous_1)","decl":{"start":{"line":21,"column":21},"end":{"line":21,"column":22}},"loc":{"start":{"line":21,"column":42},"end":{"line":31,"column":3}},"line":21},"2":{"name":"(anonymous_2)","decl":{"start":{"line":22,"column":23},"end":{"line":22,"column":24}},"loc":{"start":{"line":22,"column":30},"end":{"line":24,"column":5}},"line":22},"3":{"name":"(anonymous_3)","decl":{"start":{"line":26,"column":24},"end":{"line":26,"column":25}},"loc":{"start":{"line":26,"column":30},"end":{"line":28,"column":5}},"line":26},"4":{"name":"getDownloadUrl","decl":{"start":{"line":35,"column":15},"end":{"line":35,"column":29}},"loc":{"start":{"line":35,"column":42},"end":{"line":47,"column":1}},"line":35}},"branchMap":{},"s":{"0":1,"1":1,"2":1,"3":1,"4":0,"5":0,"6":0,"7":0,"8":0,"9":0,"10":0,"11":0,"12":0,"13":0,"14":0,"15":1},"f":{"0":0,"1":0,"2":0,"3":0,"4":0},"b":{},"_coverageSchema":"1a1c01bbd47fc00a2c39e90264f33305004495a9","hash":"dd2b601aa1c2c41dc6d2ee4a306910dcc7f0445e"}
}
