{"/Users/nak0x/Code/JS CRAP/lead-tech/Project/app/config.js": {"path":"/Users/nak0x/Code/JS CRAP/lead-tech/Project/app/config.js","statementMap":{"0":{"start":{"line":9,"column":0},"end":{"line":9,"column":27}},"1":{"start":{"line":13,"column":20},"end":{"line":13,"column":50}},"2":{"start":{"line":14,"column":21},"end":{"line":14,"column":43}},"3":{"start":{"line":16,"column":15},"end":{"line":16,"column":46}},"4":{"start":{"line":23,"column":2},"end":{"line":24,"column":50}},"5":{"start":{"line":26,"column":0},"end":{"line":67,"column":2}}},"fnMap":{},"branchMap":{"0":{"loc":{"start":{"line":13,"column":20},"end":{"line":13,"column":50}},"type":"binary-expr","locations":[{"start":{"line":13,"column":20},"end":{"line":13,"column":44}},{"start":{"line":13,"column":48},"end":{"line":13,"column":50}}],"line":13},"1":{"loc":{"start":{"line":23,"column":2},"end":{"line":24,"column":50}},"type":"binary-expr","locations":[{"start":{"line":23,"column":2},"end":{"line":23,"column":35}},{"start":{"line":24,"column":2},"end":{"line":24,"column":50}}],"line":23},"2":{"loc":{"start":{"line":28,"column":13},"end":{"line":28,"column":61}},"type":"binary-expr","locations":[{"start":{"line":28,"column":13},"end":{"line":28,"column":45}},{"start":{"line":28,"column":49},"end":{"line":28,"column":61}}],"line":28},"3":{"loc":{"start":{"line":31,"column":13},"end":{"line":31,"column":53}},"type":"binary-expr","locations":[{"start":{"line":31,"column":13},"end":{"line":31,"column":37}},{"start":{"line":31,"column":41},"end":{"line":31,"column":53}}],"line":31},"4":{"loc":{"start":{"line":32,"column":20},"end":{"line":32,"column":67}},"type":"binary-expr","locations":[{"start":{"line":32,"column":20},"end":{"line":32,"column":51}},{"start":{"line":32,"column":55},"end":{"line":32,"column":67}}],"line":32},"5":{"loc":{"start":{"line":35,"column":17},"end":{"line":35,"column":64}},"type":"binary-expr","locations":[{"start":{"line":35,"column":17},"end":{"line":35,"column":43}},{"start":{"line":35,"column":47},"end":{"line":35,"column":64}}],"line":35},"6":{"loc":{"start":{"line":39,"column":17},"end":{"line":41,"column":13}},"type":"cond-expr","locations":[{"start":{"line":40,"column":6},"end":{"line":40,"column":44}},{"start":{"line":41,"column":6},"end":{"line":41,"column":13}}],"line":39},"7":{"loc":{"start":{"line":52,"column":18},"end":{"line":52,"column":56}},"type":"binary-expr","locations":[{"start":{"line":52,"column":18},"end":{"line":52,"column":46}},{"start":{"line":52,"column":50},"end":{"line":52,"column":56}}],"line":52},"8":{"loc":{"start":{"line":57,"column":19},"end":{"line":59,"column":13}},"type":"cond-expr","locations":[{"start":{"line":58,"column":6},"end":{"line":58,"column":46}},{"start":{"line":59,"column":6},"end":{"line":59,"column":13}}],"line":57},"9":{"loc":{"start":{"line":64,"column":16},"end":{"line":66,"column":13}},"type":"cond-expr","locations":[{"start":{"line":65,"column":6},"end":{"line":65,"column":43}},{"start":{"line":66,"column":6},"end":{"line":66,"column":13}}],"line":64}},"s":{"0":1,"1":1,"2":1,"3":1,"4":1,"5":1},"f":{},"b":{"0":[1,0],"1":[1,1],"2":[1,0],"3":[1,1],"4":[1,1],"5":[1,0],"6":[0,1],"7":[1,1],"8":[0,1],"9":[0,1]},"_coverageSchema":"1a1c01bbd47fc00a2c39e90264f33305004495a9","hash":"a8a098b2b5b3aeaa5ca8396f5e492edf84c9a6de"}
,"/Users/nak0x/Code/JS CRAP/lead-tech/Project/app/form_validator.js": {"path":"/Users/nak0x/Code/JS CRAP/lead-tech/Project/app/form_validator.js","statementMap":{"0":{"start":{"line":3,"column":34},"end":{"line":3,"column":50}},"1":{"start":{"line":4,"column":2},"end":{"line":4,"column":45}},"2":{"start":{"line":8,"column":2},"end":{"line":8,"column":44}},"3":{"start":{"line":12,"column":2},"end":{"line":12,"column":68}},"4":{"start":{"line":15,"column":0},"end":{"line":19,"column":2}}},"fnMap":{"0":{"name":"isValidCommaDelimitedList","decl":{"start":{"line":1,"column":9},"end":{"line":1,"column":34}},"loc":{"start":{"line":1,"column":42},"end":{"line":5,"column":1}},"line":1},"1":{"name":"isValidTagmode","decl":{"start":{"line":7,"column":9},"end":{"line":7,"column":23}},"loc":{"start":{"line":7,"column":31},"end":{"line":9,"column":1}},"line":7},"2":{"name":"hasValidFlickrAPIParams","decl":{"start":{"line":11,"column":9},"end":{"line":11,"column":32}},"loc":{"start":{"line":11,"column":48},"end":{"line":13,"column":1}},"line":11}},"branchMap":{"0":{"loc":{"start":{"line":8,"column":9},"end":{"line":8,"column":43}},"type":"binary-expr","locations":[{"start":{"line":8,"column":9},"end":{"line":8,"column":24}},{"start":{"line":8,"column":28},"end":{"line":8,"column":43}}],"line":8},"1":{"loc":{"start":{"line":12,"column":9},"end":{"line":12,"column":67}},"type":"binary-expr","locations":[{"start":{"line":12,"column":9},"end":{"line":12,"column":40}},{"start":{"line":12,"column":44},"end":{"line":12,"column":67}}],"line":12}},"s":{"0":10,"1":10,"2":7,"3":6,"4":2},"f":{"0":10,"1":7,"2":6},"b":{"0":[7,3],"1":[6,4]},"_coverageSchema":"1a1c01bbd47fc00a2c39e90264f33305004495a9","hash":"ebc844e4d04832d164508a3ca809ea2e5e5a9431"}
,"/Users/nak0x/Code/JS CRAP/lead-tech/Project/app/jsonp_helper.js": {"path":"/Users/nak0x/Code/JS CRAP/lead-tech/Project/app/jsonp_helper.js","statementMap":{"0":{"start":{"line":2,"column":2},"end":{"line":14,"column":3}},"1":{"start":{"line":3,"column":21},"end":{"line":3,"column":44}},"2":{"start":{"line":4,"column":19},"end":{"line":4,"column":46}},"3":{"start":{"line":5,"column":21},"end":{"line":5,"column":66}},"4":{"start":{"line":8,"column":4},"end":{"line":8,"column":49}},"5":{"start":{"line":10,"column":4},"end":{"line":10,"column":34}},"6":{"start":{"line":12,"column":18},"end":{"line":12,"column":76}},"7":{"start":{"line":13,"column":4},"end":{"line":13,"column":16}},"8":{"start":{"line":17,"column":0},"end":{"line":19,"column":2}}},"fnMap":{"0":{"name":"parseJSONP","decl":{"start":{"line":1,"column":9},"end":{"line":1,"column":19}},"loc":{"start":{"line":1,"column":31},"end":{"line":15,"column":1}},"line":1}},"branchMap":{},"s":{"0":5,"1":5,"2":5,"3":5,"4":5,"5":5,"6":2,"7":2,"8":4},"f":{"0":5},"b":{},"_coverageSchema":"1a1c01bbd47fc00a2c39e90264f33305004495a9","hash":"497f281c6675a255d031677ff14870875613fdf5"}
,"/Users/nak0x/Code/JS CRAP/lead-tech/Project/app/photo_model.js": {"path":"/Users/nak0x/Code/JS CRAP/lead-tech/Project/app/photo_model.js","statementMap":{"0":{"start":{"line":1,"column":12},"end":{"line":1,"column":26}},"1":{"start":{"line":2,"column":20},"end":{"line":2,"column":42}},"2":{"start":{"line":3,"column":20},"end":{"line":3,"column":45}},"3":{"start":{"line":6,"column":13},"end":{"line":6,"column":69}},"4":{"start":{"line":8,"column":18},"end":{"line":8,"column":81}},"5":{"start":{"line":10,"column":2},"end":{"line":19,"column":5}},"6":{"start":{"line":11,"column":22},"end":{"line":11,"column":59}},"7":{"start":{"line":13,"column":4},"end":{"line":16,"column":7}},"8":{"start":{"line":14,"column":6},"end":{"line":14,"column":64}},"9":{"start":{"line":15,"column":6},"end":{"line":15,"column":64}},"10":{"start":{"line":18,"column":4},"end":{"line":18,"column":27}},"11":{"start":{"line":22,"column":0},"end":{"line":24,"column":2}}},"fnMap":{"0":{"name":"getFlickrPhotos","decl":{"start":{"line":5,"column":9},"end":{"line":5,"column":24}},"loc":{"start":{"line":5,"column":40},"end":{"line":20,"column":1}},"line":5},"1":{"name":"(anonymous_1)","decl":{"start":{"line":10,"column":39},"end":{"line":10,"column":40}},"loc":{"start":{"line":10,"column":51},"end":{"line":19,"column":3}},"line":10},"2":{"name":"(anonymous_2)","decl":{"start":{"line":13,"column":28},"end":{"line":13,"column":29}},"loc":{"start":{"line":13,"column":37},"end":{"line":16,"column":5}},"line":13}},"branchMap":{},"s":{"0":3,"1":3,"2":3,"3":3,"4":3,"5":3,"6":2,"7":1,"8":2,"9":2,"10":1,"11":3},"f":{"0":3,"1":2,"2":2},"b":{},"_coverageSchema":"1a1c01bbd47fc00a2c39e90264f33305004495a9","hash":"a2e503e488aa2fcbbbec0aa9c65fc9624349f1e0"}
,"/Users/nak0x/Code/JS CRAP/lead-tech/Project/app/route.js": {"path":"/Users/nak0x/Code/JS CRAP/lead-tech/Project/app/route.js","statementMap":{"0":{"start":{"line":1,"column":22},"end":{"line":1,"column":49}},"1":{"start":{"line":2,"column":19},"end":{"line":2,"column":43}},"2":{"start":{"line":3,"column":17},"end":{"line":3,"column":44}},"3":{"start":{"line":4,"column":17},"end":{"line":4,"column":45}},"4":{"start":{"line":5,"column":16},"end":{"line":5,"column":44}},"5":{"start":{"line":6,"column":22},"end":{"line":6,"column":58}},"6":{"start":{"line":7,"column":24},"end":{"line":7,"column":50}},"7":{"start":{"line":13,"column":16},"end":{"line":13,"column":44}},"8":{"start":{"line":14,"column":2},"end":{"line":16,"column":3}},"9":{"start":{"line":15,"column":4},"end":{"line":15,"column":17}},"10":{"start":{"line":17,"column":2},"end":{"line":23,"column":3}},"11":{"start":{"line":18,"column":19},"end":{"line":18,"column":61}},"12":{"start":{"line":19,"column":4},"end":{"line":19,"column":44}},"13":{"start":{"line":21,"column":4},"end":{"line":21,"column":57}},"14":{"start":{"line":22,"column":4},"end":{"line":22,"column":21}},"15":{"start":{"line":27,"column":2},"end":{"line":69,"column":5}},"16":{"start":{"line":28,"column":17},"end":{"line":28,"column":31}},"17":{"start":{"line":29,"column":20},"end":{"line":29,"column":37}},"18":{"start":{"line":31,"column":30},"end":{"line":40,"column":5}},"19":{"start":{"line":43,"column":4},"end":{"line":45,"column":5}},"20":{"start":{"line":44,"column":6},"end":{"line":44,"column":52}},"21":{"start":{"line":48,"column":4},"end":{"line":51,"column":5}},"22":{"start":{"line":49,"column":6},"end":{"line":49,"column":49}},"23":{"start":{"line":50,"column":6},"end":{"line":50,"column":52}},"24":{"start":{"line":55,"column":4},"end":{"line":55,"column":72}},"25":{"start":{"line":58,"column":4},"end":{"line":68,"column":9}},"26":{"start":{"line":61,"column":8},"end":{"line":61,"column":42}},"27":{"start":{"line":62,"column":8},"end":{"line":62,"column":47}},"28":{"start":{"line":63,"column":8},"end":{"line":63,"column":54}},"29":{"start":{"line":66,"column":8},"end":{"line":66,"column":43}},"30":{"start":{"line":67,"column":8},"end":{"line":67,"column":47}},"31":{"start":{"line":75,"column":2},"end":{"line":93,"column":5}},"32":{"start":{"line":76,"column":17},"end":{"line":76,"column":31}},"33":{"start":{"line":77,"column":20},"end":{"line":77,"column":46}},"34":{"start":{"line":79,"column":4},"end":{"line":81,"column":5}},"35":{"start":{"line":80,"column":6},"end":{"line":80,"column":79}},"36":{"start":{"line":83,"column":4},"end":{"line":92,"column":5}},"37":{"start":{"line":84,"column":24},"end":{"line":84,"column":67}},"38":{"start":{"line":87,"column":6},"end":{"line":87,"column":32}},"39":{"start":{"line":88,"column":6},"end":{"line":88,"column":73}},"40":{"start":{"line":90,"column":6},"end":{"line":90,"column":56}},"41":{"start":{"line":91,"column":6},"end":{"line":91,"column":72}},"42":{"start":{"line":96,"column":2},"end":{"line":113,"column":5}},"43":{"start":{"line":97,"column":17},"end":{"line":97,"column":31}},"44":{"start":{"line":99,"column":4},"end":{"line":101,"column":5}},"45":{"start":{"line":100,"column":6},"end":{"line":100,"column":79}},"46":{"start":{"line":103,"column":19},"end":{"line":103,"column":43}},"47":{"start":{"line":104,"column":4},"end":{"line":112,"column":7}},"48":{"start":{"line":117,"column":2},"end":{"line":125,"column":5}},"49":{"start":{"line":118,"column":4},"end":{"line":124,"column":5}},"50":{"start":{"line":119,"column":19},"end":{"line":119,"column":49}},"51":{"start":{"line":120,"column":6},"end":{"line":120,"column":44}},"52":{"start":{"line":122,"column":6},"end":{"line":122,"column":50}},"53":{"start":{"line":123,"column":6},"end":{"line":123,"column":68}},"54":{"start":{"line":129,"column":2},"end":{"line":159,"column":5}},"55":{"start":{"line":130,"column":17},"end":{"line":130,"column":31}},"56":{"start":{"line":132,"column":4},"end":{"line":134,"column":5}},"57":{"start":{"line":133,"column":6},"end":{"line":133,"column":79}},"58":{"start":{"line":137,"column":23},"end":{"line":137,"column":52}},"59":{"start":{"line":138,"column":4},"end":{"line":140,"column":5}},"60":{"start":{"line":139,"column":6},"end":{"line":139,"column":84}},"61":{"start":{"line":142,"column":21},"end":{"line":142,"column":93}},"62":{"start":{"line":143,"column":21},"end":{"line":143,"column":50}},"63":{"start":{"line":145,"column":4},"end":{"line":145,"column":53}},"64":{"start":{"line":146,"column":4},"end":{"line":146,"column":79}},"65":{"start":{"line":148,"column":23},"end":{"line":148,"column":59}},"66":{"start":{"line":149,"column":4},"end":{"line":156,"column":7}},"67":{"start":{"line":150,"column":6},"end":{"line":150,"column":51}},"68":{"start":{"line":151,"column":6},"end":{"line":155,"column":7}},"69":{"start":{"line":152,"column":8},"end":{"line":152,"column":66}},"70":{"start":{"line":154,"column":8},"end":{"line":154,"column":27}},"71":{"start":{"line":158,"column":4},"end":{"line":158,"column":32}},"72":{"start":{"line":162,"column":0},"end":{"line":162,"column":23}}},"fnMap":{"0":{"name":"resolveObjectName","decl":{"start":{"line":12,"column":15},"end":{"line":12,"column":32}},"loc":{"start":{"line":12,"column":39},"end":{"line":24,"column":1}},"line":12},"1":{"name":"route","decl":{"start":{"line":26,"column":9},"end":{"line":26,"column":14}},"loc":{"start":{"line":26,"column":20},"end":{"line":160,"column":1}},"line":26},"2":{"name":"(anonymous_2)","decl":{"start":{"line":27,"column":15},"end":{"line":27,"column":16}},"loc":{"start":{"line":27,"column":35},"end":{"line":69,"column":3}},"line":27},"3":{"name":"(anonymous_3)","decl":{"start":{"line":60,"column":12},"end":{"line":60,"column":13}},"loc":{"start":{"line":60,"column":22},"end":{"line":64,"column":7}},"line":60},"4":{"name":"(anonymous_4)","decl":{"start":{"line":65,"column":13},"end":{"line":65,"column":14}},"loc":{"start":{"line":65,"column":22},"end":{"line":68,"column":7}},"line":65},"5":{"name":"(anonymous_5)","decl":{"start":{"line":75,"column":32},"end":{"line":75,"column":33}},"loc":{"start":{"line":75,"column":52},"end":{"line":93,"column":3}},"line":75},"6":{"name":"(anonymous_6)","decl":{"start":{"line":96,"column":25},"end":{"line":96,"column":26}},"loc":{"start":{"line":96,"column":39},"end":{"line":113,"column":3}},"line":96},"7":{"name":"(anonymous_7)","decl":{"start":{"line":117,"column":19},"end":{"line":117,"column":20}},"loc":{"start":{"line":117,"column":39},"end":{"line":125,"column":3}},"line":117},"8":{"name":"(anonymous_8)","decl":{"start":{"line":129,"column":27},"end":{"line":129,"column":28}},"loc":{"start":{"line":129,"column":47},"end":{"line":159,"column":3}},"line":129},"9":{"name":"(anonymous_9)","decl":{"start":{"line":149,"column":27},"end":{"line":149,"column":28}},"loc":{"start":{"line":149,"column":36},"end":{"line":156,"column":5}},"line":149}},"branchMap":{"0":{"loc":{"start":{"line":14,"column":2},"end":{"line":16,"column":3}},"type":"if","locations":[{"start":{"line":14,"column":2},"end":{"line":16,"column":3}},{"start":{},"end":{}}],"line":14},"1":{"loc":{"start":{"line":19,"column":11},"end":{"line":19,"column":43}},"type":"cond-expr","locations":[{"start":{"line":19,"column":20},"end":{"line":19,"column":31}},{"start":{"line":19,"column":34},"end":{"line":19,"column":43}}],"line":19},"2":{"loc":{"start":{"line":32,"column":21},"end":{"line":32,"column":31}},"type":"binary-expr","locations":[{"start":{"line":32,"column":21},"end":{"line":32,"column":25}},{"start":{"line":32,"column":29},"end":{"line":32,"column":31}}],"line":32},"3":{"loc":{"start":{"line":33,"column":24},"end":{"line":33,"column":37}},"type":"binary-expr","locations":[{"start":{"line":33,"column":24},"end":{"line":33,"column":31}},{"start":{"line":33,"column":35},"end":{"line":33,"column":37}}],"line":33},"4":{"loc":{"start":{"line":43,"column":4},"end":{"line":45,"column":5}},"type":"if","locations":[{"start":{"line":43,"column":4},"end":{"line":45,"column":5}},{"start":{},"end":{}}],"line":43},"5":{"loc":{"start":{"line":43,"column":8},"end":{"line":43,"column":25}},"type":"binary-expr","locations":[{"start":{"line":43,"column":8},"end":{"line":43,"column":13}},{"start":{"line":43,"column":17},"end":{"line":43,"column":25}}],"line":43},"6":{"loc":{"start":{"line":48,"column":4},"end":{"line":51,"column":5}},"type":"if","locations":[{"start":{"line":48,"column":4},"end":{"line":51,"column":5}},{"start":{},"end":{}}],"line":48},"7":{"loc":{"start":{"line":77,"column":20},"end":{"line":77,"column":46}},"type":"binary-expr","locations":[{"start":{"line":77,"column":20},"end":{"line":77,"column":37}},{"start":{"line":77,"column":41},"end":{"line":77,"column":46}}],"line":77},"8":{"loc":{"start":{"line":79,"column":4},"end":{"line":81,"column":5}},"type":"if","locations":[{"start":{"line":79,"column":4},"end":{"line":81,"column":5}},{"start":{},"end":{}}],"line":79},"9":{"loc":{"start":{"line":99,"column":4},"end":{"line":101,"column":5}},"type":"if","locations":[{"start":{"line":99,"column":4},"end":{"line":101,"column":5}},{"start":{},"end":{}}],"line":99},"10":{"loc":{"start":{"line":108,"column":19},"end":{"line":110,"column":14}},"type":"cond-expr","locations":[{"start":{"line":109,"column":10},"end":{"line":109,"column":58}},{"start":{"line":110,"column":10},"end":{"line":110,"column":14}}],"line":108},"11":{"loc":{"start":{"line":132,"column":4},"end":{"line":134,"column":5}},"type":"if","locations":[{"start":{"line":132,"column":4},"end":{"line":134,"column":5}},{"start":{},"end":{}}],"line":132},"12":{"loc":{"start":{"line":138,"column":4},"end":{"line":140,"column":5}},"type":"if","locations":[{"start":{"line":138,"column":4},"end":{"line":140,"column":5}},{"start":{},"end":{}}],"line":138},"13":{"loc":{"start":{"line":143,"column":24},"end":{"line":143,"column":44}},"type":"binary-expr","locations":[{"start":{"line":143,"column":24},"end":{"line":143,"column":32}},{"start":{"line":143,"column":36},"end":{"line":143,"column":44}}],"line":143},"14":{"loc":{"start":{"line":151,"column":6},"end":{"line":155,"column":7}},"type":"if","locations":[{"start":{"line":151,"column":6},"end":{"line":155,"column":7}},{"start":{"line":153,"column":13},"end":{"line":155,"column":7}}],"line":151}},"s":{"0":1,"1":1,"2":1,"3":1,"4":1,"5":1,"6":1,"7":3,"8":3,"9":0,"10":3,"11":3,"12":3,"13":0,"14":0,"15":1,"16":4,"17":4,"18":4,"19":4,"20":1,"21":3,"22":1,"23":1,"24":2,"25":2,"26":1,"27":1,"28":1,"29":1,"30":1,"31":1,"32":0,"33":0,"34":0,"35":0,"36":0,"37":0,"38":0,"39":0,"40":0,"41":0,"42":1,"43":2,"44":2,"45":1,"46":1,"47":1,"48":1,"49":0,"50":0,"51":0,"52":0,"53":0,"54":1,"55":2,"56":2,"57":1,"58":1,"59":1,"60":1,"61":0,"62":0,"63":0,"64":0,"65":0,"66":0,"67":0,"68":0,"69":0,"70":0,"71":0,"72":1},"f":{"0":3,"1":1,"2":4,"3":1,"4":1,"5":0,"6":2,"7":0,"8":2,"9":0},"b":{"0":[0,3],"1":[0,3],"2":[4,1],"3":[4,1],"4":[1,3],"5":[4,1],"6":[1,2],"7":[0,0],"8":[0,0],"9":[1,1],"10":[0,1],"11":[1,1],"12":[1,0],"13":[0,0],"14":[0,0]},"_coverageSchema":"1a1c01bbd47fc00a2c39e90264f33305004495a9","hash":"2dbfe94dc09a7f076b4a501a078bc19da3f313ae"}
,"/Users/nak0x/Code/JS CRAP/lead-tech/Project/app/server.js": {"path":"/Users/nak0x/Code/JS CRAP/lead-tech/Project/app/server.js","statementMap":{"0":{"start":{"line":3,"column":0},"end":{"line":3,"column":27}},"1":{"start":{"line":5,"column":16},"end":{"line":5,"column":34}},"2":{"start":{"line":6,"column":16},"end":{"line":6,"column":40}},"3":{"start":{"line":7,"column":13},"end":{"line":7,"column":28}},"4":{"start":{"line":9,"column":15},"end":{"line":9,"column":34}},"5":{"start":{"line":15,"column":0},"end":{"line":17,"column":3}},"6":{"start":{"line":16,"column":2},"end":{"line":16,"column":57}},"7":{"start":{"line":19,"column":12},"end":{"line":19,"column":21}},"8":{"start":{"line":22,"column":0},"end":{"line":22,"column":56}},"9":{"start":{"line":23,"column":0},"end":{"line":23,"column":71}},"10":{"start":{"line":24,"column":0},"end":{"line":24,"column":77}},"11":{"start":{"line":27,"column":0},"end":{"line":27,"column":46}},"12":{"start":{"line":28,"column":0},"end":{"line":28,"column":48}},"13":{"start":{"line":29,"column":0},"end":{"line":29,"column":31}},"14":{"start":{"line":32,"column":0},"end":{"line":32,"column":24}},"15":{"start":{"line":35,"column":13},"end":{"line":35,"column":37}},"16":{"start":{"line":36,"column":0},"end":{"line":36,"column":30}},"17":{"start":{"line":37,"column":0},"end":{"line":37,"column":41}},"18":{"start":{"line":42,"column":0},"end":{"line":44,"column":1}},"19":{"start":{"line":43,"column":2},"end":{"line":43,"column":44}},"20":{"start":{"line":46,"column":0},"end":{"line":46,"column":21}}},"fnMap":{"0":{"name":"(anonymous_0)","decl":{"start":{"line":15,"column":33},"end":{"line":15,"column":34}},"loc":{"start":{"line":15,"column":43},"end":{"line":17,"column":1}},"line":15}},"branchMap":{"0":{"loc":{"start":{"line":35,"column":13},"end":{"line":35,"column":37}},"type":"binary-expr","locations":[{"start":{"line":35,"column":13},"end":{"line":35,"column":29}},{"start":{"line":35,"column":33},"end":{"line":35,"column":37}}],"line":35},"1":{"loc":{"start":{"line":42,"column":0},"end":{"line":44,"column":1}},"type":"if","locations":[{"start":{"line":42,"column":0},"end":{"line":44,"column":1}},{"start":{},"end":{}}],"line":42}},"s":{"0":1,"1":1,"2":1,"3":1,"4":1,"5":1,"6":0,"7":1,"8":1,"9":1,"10":1,"11":1,"12":1,"13":1,"14":1,"15":1,"16":1,"17":1,"18":1,"19":0,"20":1},"f":{"0":0},"b":{"0":[1,1],"1":[0,1]},"_coverageSchema":"1a1c01bbd47fc00a2c39e90264f33305004495a9","hash":"c61068818beae3b50bdbe93ee0ca0b7723c4736a"}
,"/Users/nak0x/Code/JS CRAP/lead-tech/Project/app/firebase/admin.js": {"path":"/Users/nak0x/Code/JS CRAP/lead-tech/Project/app/firebase/admin.js","statementMap":{"0":{"start":{"line":10,"column":15},"end":{"line":10,"column":35}},"1":{"start":{"line":12,"column":10},"end":{"line":12,"column":14}},"2":{"start":{"line":13,"column":18},"end":{"line":13,"column":23}},"3":{"start":{"line":19,"column":2},"end":{"line":21,"column":3}},"4":{"start":{"line":20,"column":4},"end":{"line":20,"column":16}},"5":{"start":{"line":22,"column":2},"end":{"line":24,"column":3}},"6":{"start":{"line":23,"column":4},"end":{"line":23,"column":15}},"7":{"start":{"line":25,"column":2},"end":{"line":25,"column":21}},"8":{"start":{"line":27,"column":2},"end":{"line":42,"column":3}},"9":{"start":{"line":30,"column":18},"end":{"line":30,"column":43}},"10":{"start":{"line":33,"column":4},"end":{"line":38,"column":11}},"11":{"start":{"line":40,"column":4},"end":{"line":40,"column":71}},"12":{"start":{"line":41,"column":4},"end":{"line":41,"column":15}},"13":{"start":{"line":44,"column":2},"end":{"line":44,"column":13}},"14":{"start":{"line":49,"column":18},"end":{"line":49,"column":26}},"15":{"start":{"line":50,"column":2},"end":{"line":50,"column":45}},"16":{"start":{"line":55,"column":18},"end":{"line":55,"column":26}},"17":{"start":{"line":56,"column":2},"end":{"line":56,"column":41}},"18":{"start":{"line":59,"column":0},"end":{"line":64,"column":2}},"19":{"start":{"line":63,"column":17},"end":{"line":63,"column":39}}},"fnMap":{"0":{"name":"getApp","decl":{"start":{"line":18,"column":9},"end":{"line":18,"column":15}},"loc":{"start":{"line":18,"column":18},"end":{"line":45,"column":1}},"line":18},"1":{"name":"getDb","decl":{"start":{"line":48,"column":9},"end":{"line":48,"column":14}},"loc":{"start":{"line":48,"column":17},"end":{"line":51,"column":1}},"line":48},"2":{"name":"getAuth","decl":{"start":{"line":54,"column":9},"end":{"line":54,"column":16}},"loc":{"start":{"line":54,"column":19},"end":{"line":57,"column":1}},"line":54},"3":{"name":"(anonymous_3)","decl":{"start":{"line":63,"column":11},"end":{"line":63,"column":12}},"loc":{"start":{"line":63,"column":17},"end":{"line":63,"column":39}},"line":63}},"branchMap":{"0":{"loc":{"start":{"line":19,"column":2},"end":{"line":21,"column":3}},"type":"if","locations":[{"start":{"line":19,"column":2},"end":{"line":21,"column":3}},{"start":{},"end":{}}],"line":19},"1":{"loc":{"start":{"line":22,"column":2},"end":{"line":24,"column":3}},"type":"if","locations":[{"start":{"line":22,"column":2},"end":{"line":24,"column":3}},{"start":{},"end":{}}],"line":22},"2":{"loc":{"start":{"line":33,"column":10},"end":{"line":38,"column":10}},"type":"cond-expr","locations":[{"start":{"line":34,"column":8},"end":{"line":34,"column":19}},{"start":{"line":35,"column":8},"end":{"line":38,"column":10}}],"line":33},"3":{"loc":{"start":{"line":50,"column":9},"end":{"line":50,"column":44}},"type":"cond-expr","locations":[{"start":{"line":50,"column":19},"end":{"line":50,"column":37}},{"start":{"line":50,"column":40},"end":{"line":50,"column":44}}],"line":50},"4":{"loc":{"start":{"line":56,"column":9},"end":{"line":56,"column":40}},"type":"cond-expr","locations":[{"start":{"line":56,"column":19},"end":{"line":56,"column":33}},{"start":{"line":56,"column":36},"end":{"line":56,"column":40}}],"line":56}},"s":{"0":1,"1":1,"2":1,"3":3,"4":3,"5":0,"6":0,"7":0,"8":0,"9":0,"10":0,"11":0,"12":0,"13":0,"14":3,"15":3,"16":0,"17":0,"18":1,"19":0},"f":{"0":3,"1":3,"2":0,"3":0},"b":{"0":[3,0],"1":[0,0],"2":[0,0],"3":[0,3],"4":[0,0]},"_coverageSchema":"1a1c01bbd47fc00a2c39e90264f33305004495a9","hash":"ded72304db66e65b07849397c338741b3624e918"}
,"/Users/nak0x/Code/JS CRAP/lead-tech/Project/app/firebase/auth.js": {"path":"/Users/nak0x/Code/JS CRAP/lead-tech/Project/app/firebase/auth.js","statementMap":{"0":{"start":{"line":7,"column":15},"end":{"line":7,"column":35}},"1":{"start":{"line":8,"column":20},"end":{"line":8,"column":38}},"2":{"start":{"line":12,"column":17},"end":{"line":12,"column":48}},"3":{"start":{"line":13,"column":16},"end":{"line":13,"column":48}},"4":{"start":{"line":14,"column":2},"end":{"line":14,"column":33}},"5":{"start":{"line":20,"column":2},"end":{"line":22,"column":3}},"6":{"start":{"line":21,"column":4},"end":{"line":21,"column":18}},"7":{"start":{"line":24,"column":15},"end":{"line":24,"column":24}},"8":{"start":{"line":25,"column":2},"end":{"line":28,"column":3}},"9":{"start":{"line":27,"column":4},"end":{"line":27,"column":78}},"10":{"start":{"line":30,"column":16},"end":{"line":30,"column":32}},"11":{"start":{"line":31,"column":2},"end":{"line":33,"column":3}},"12":{"start":{"line":32,"column":4},"end":{"line":32,"column":75}},"13":{"start":{"line":35,"column":2},"end":{"line":41,"column":3}},"14":{"start":{"line":36,"column":4},"end":{"line":36,"column":47}},"15":{"start":{"line":37,"column":4},"end":{"line":37,"column":18}},"16":{"start":{"line":39,"column":4},"end":{"line":39,"column":82}},"17":{"start":{"line":40,"column":4},"end":{"line":40,"column":75}},"18":{"start":{"line":44,"column":0},"end":{"line":46,"column":2}}},"fnMap":{"0":{"name":"bearerToken","decl":{"start":{"line":11,"column":9},"end":{"line":11,"column":20}},"loc":{"start":{"line":11,"column":26},"end":{"line":15,"column":1}},"line":11},"1":{"name":"requireAuth","decl":{"start":{"line":19,"column":15},"end":{"line":19,"column":26}},"loc":{"start":{"line":19,"column":43},"end":{"line":42,"column":1}},"line":19}},"branchMap":{"0":{"loc":{"start":{"line":12,"column":17},"end":{"line":12,"column":48}},"type":"binary-expr","locations":[{"start":{"line":12,"column":17},"end":{"line":12,"column":42}},{"start":{"line":12,"column":46},"end":{"line":12,"column":48}}],"line":12},"1":{"loc":{"start":{"line":14,"column":9},"end":{"line":14,"column":32}},"type":"cond-expr","locations":[{"start":{"line":14,"column":17},"end":{"line":14,"column":25}},{"start":{"line":14,"column":28},"end":{"line":14,"column":32}}],"line":14},"2":{"loc":{"start":{"line":20,"column":2},"end":{"line":22,"column":3}},"type":"if","locations":[{"start":{"line":20,"column":2},"end":{"line":22,"column":3}},{"start":{},"end":{}}],"line":20},"3":{"loc":{"start":{"line":25,"column":2},"end":{"line":28,"column":3}},"type":"if","locations":[{"start":{"line":25,"column":2},"end":{"line":28,"column":3}},{"start":{},"end":{}}],"line":25},"4":{"loc":{"start":{"line":31,"column":2},"end":{"line":33,"column":3}},"type":"if","locations":[{"start":{"line":31,"column":2},"end":{"line":33,"column":3}},{"start":{},"end":{}}],"line":31},"5":{"loc":{"start":{"line":39,"column":58},"end":{"line":39,"column":80}},"type":"binary-expr","locations":[{"start":{"line":39,"column":58},"end":{"line":39,"column":63}},{"start":{"line":39,"column":67},"end":{"line":39,"column":80}}],"line":39}},"s":{"0":1,"1":1,"2":0,"3":0,"4":0,"5":0,"6":0,"7":0,"8":0,"9":0,"10":0,"11":0,"12":0,"13":0,"14":0,"15":0,"16":0,"17":0,"18":1},"f":{"0":0,"1":0},"b":{"0":[0,0],"1":[0,0],"2":[0,0],"3":[0,0],"4":[0,0],"5":[0,0]},"_coverageSchema":"1a1c01bbd47fc00a2c39e90264f33305004495a9","hash":"247943cb30a1d6d808c675ed6aa6e6c44172c3b9"}
,"/Users/nak0x/Code/JS CRAP/lead-tech/Project/app/firebase/zip_repository.js": {"path":"/Users/nak0x/Code/JS CRAP/lead-tech/Project/app/firebase/zip_repository.js","statementMap":{"0":{"start":{"line":17,"column":15},"end":{"line":17,"column":35}},"1":{"start":{"line":18,"column":18},"end":{"line":18,"column":36}},"2":{"start":{"line":20,"column":13},"end":{"line":20,"column":34}},"3":{"start":{"line":24,"column":2},"end":{"line":26,"column":19}},"4":{"start":{"line":31,"column":19},"end":{"line":34,"column":28}},"5":{"start":{"line":35,"column":2},"end":{"line":35,"column":39}},"6":{"start":{"line":41,"column":2},"end":{"line":41,"column":54}},"7":{"start":{"line":48,"column":13},"end":{"line":48,"column":20}},"8":{"start":{"line":49,"column":2},"end":{"line":51,"column":3}},"9":{"start":{"line":50,"column":4},"end":{"line":50,"column":16}},"10":{"start":{"line":53,"column":19},"end":{"line":53,"column":29}},"11":{"start":{"line":54,"column":19},"end":{"line":54,"column":40}},"12":{"start":{"line":55,"column":17},"end":{"line":63,"column":3}},"13":{"start":{"line":65,"column":2},"end":{"line":73,"column":3}},"14":{"start":{"line":66,"column":4},"end":{"line":68,"column":19}},"15":{"start":{"line":69,"column":4},"end":{"line":69,"column":18}},"16":{"start":{"line":71,"column":4},"end":{"line":71,"column":65}},"17":{"start":{"line":72,"column":4},"end":{"line":72,"column":16}},"18":{"start":{"line":79,"column":18},"end":{"line":79,"column":20}},"19":{"start":{"line":80,"column":2},"end":{"line":82,"column":3}},"20":{"start":{"line":81,"column":4},"end":{"line":81,"column":19}},"21":{"start":{"line":83,"column":2},"end":{"line":91,"column":5}},"22":{"start":{"line":84,"column":19},"end":{"line":84,"column":32}},"23":{"start":{"line":85,"column":4},"end":{"line":87,"column":5}},"24":{"start":{"line":86,"column":6},"end":{"line":86,"column":13}},"25":{"start":{"line":88,"column":4},"end":{"line":90,"column":7}},"26":{"start":{"line":89,"column":6},"end":{"line":89,"column":36}},"27":{"start":{"line":92,"column":2},"end":{"line":92,"column":17}},"28":{"start":{"line":97,"column":13},"end":{"line":97,"column":20}},"29":{"start":{"line":98,"column":2},"end":{"line":100,"column":3}},"30":{"start":{"line":99,"column":4},"end":{"line":99,"column":14}},"31":{"start":{"line":102,"column":2},"end":{"line":110,"column":3}},"32":{"start":{"line":103,"column":21},"end":{"line":103,"column":53}},"33":{"start":{"line":104,"column":4},"end":{"line":106,"column":6}},"34":{"start":{"line":105,"column":16},"end":{"line":105,"column":53}},"35":{"start":{"line":108,"column":4},"end":{"line":108,"column":59}},"36":{"start":{"line":109,"column":4},"end":{"line":109,"column":14}},"37":{"start":{"line":116,"column":13},"end":{"line":116,"column":20}},"38":{"start":{"line":117,"column":2},"end":{"line":119,"column":3}},"39":{"start":{"line":118,"column":4},"end":{"line":118,"column":16}},"40":{"start":{"line":121,"column":17},"end":{"line":121,"column":35}},"41":{"start":{"line":122,"column":14},"end":{"line":122,"column":30}},"42":{"start":{"line":123,"column":2},"end":{"line":123,"column":74}},"43":{"start":{"line":123,"column":28},"end":{"line":123,"column":64}},"44":{"start":{"line":126,"column":0},"end":{"line":130,"column":2}}},"fnMap":{"0":{"name":"normalizeKey","decl":{"start":{"line":23,"column":9},"end":{"line":23,"column":21}},"loc":{"start":{"line":23,"column":28},"end":{"line":27,"column":1}},"line":23},"1":{"name":"filenameForTags","decl":{"start":{"line":30,"column":9},"end":{"line":30,"column":24}},"loc":{"start":{"line":30,"column":31},"end":{"line":36,"column":1}},"line":30},"2":{"name":"filenameKey","decl":{"start":{"line":40,"column":9},"end":{"line":40,"column":20}},"loc":{"start":{"line":40,"column":31},"end":{"line":42,"column":1}},"line":40},"3":{"name":"saveCompletedZip","decl":{"start":{"line":47,"column":15},"end":{"line":47,"column":31}},"loc":{"start":{"line":47,"column":63},"end":{"line":74,"column":1}},"line":47},"4":{"name":"flatten","decl":{"start":{"line":78,"column":9},"end":{"line":78,"column":16}},"loc":{"start":{"line":78,"column":23},"end":{"line":93,"column":1}},"line":78},"5":{"name":"(anonymous_5)","decl":{"start":{"line":83,"column":28},"end":{"line":83,"column":29}},"loc":{"start":{"line":83,"column":39},"end":{"line":91,"column":3}},"line":83},"6":{"name":"(anonymous_6)","decl":{"start":{"line":88,"column":32},"end":{"line":88,"column":33}},"loc":{"start":{"line":88,"column":43},"end":{"line":90,"column":5}},"line":88},"7":{"name":"listZips","decl":{"start":{"line":96,"column":15},"end":{"line":96,"column":23}},"loc":{"start":{"line":96,"column":26},"end":{"line":111,"column":1}},"line":96},"8":{"name":"(anonymous_8)","decl":{"start":{"line":105,"column":6},"end":{"line":105,"column":7}},"loc":{"start":{"line":105,"column":16},"end":{"line":105,"column":53}},"line":105},"9":{"name":"findLatestByTags","decl":{"start":{"line":115,"column":15},"end":{"line":115,"column":31}},"loc":{"start":{"line":115,"column":38},"end":{"line":124,"column":1}},"line":115},"10":{"name":"(anonymous_10)","decl":{"start":{"line":123,"column":18},"end":{"line":123,"column":19}},"loc":{"start":{"line":123,"column":28},"end":{"line":123,"column":64}},"line":123}},"branchMap":{"0":{"loc":{"start":{"line":24,"column":16},"end":{"line":24,"column":26}},"type":"binary-expr","locations":[{"start":{"line":24,"column":16},"end":{"line":24,"column":20}},{"start":{"line":24,"column":24},"end":{"line":24,"column":26}}],"line":24},"1":{"loc":{"start":{"line":31,"column":26},"end":{"line":31,"column":36}},"type":"binary-expr","locations":[{"start":{"line":31,"column":26},"end":{"line":31,"column":30}},{"start":{"line":31,"column":34},"end":{"line":31,"column":36}}],"line":31},"2":{"loc":{"start":{"line":35,"column":12},"end":{"line":35,"column":32}},"type":"binary-expr","locations":[{"start":{"line":35,"column":12},"end":{"line":35,"column":20}},{"start":{"line":35,"column":24},"end":{"line":35,"column":32}}],"line":35},"3":{"loc":{"start":{"line":49,"column":2},"end":{"line":51,"column":3}},"type":"if","locations":[{"start":{"line":49,"column":2},"end":{"line":51,"column":3}},{"start":{},"end":{}}],"line":49},"4":{"loc":{"start":{"line":60,"column":13},"end":{"line":60,"column":29}},"type":"binary-expr","locations":[{"start":{"line":60,"column":13},"end":{"line":60,"column":20}},{"start":{"line":60,"column":24},"end":{"line":60,"column":29}}],"line":60},"5":{"loc":{"start":{"line":80,"column":2},"end":{"line":82,"column":3}},"type":"if","locations":[{"start":{"line":80,"column":2},"end":{"line":82,"column":3}},{"start":{},"end":{}}],"line":80},"6":{"loc":{"start":{"line":85,"column":4},"end":{"line":87,"column":5}},"type":"if","locations":[{"start":{"line":85,"column":4},"end":{"line":87,"column":5}},{"start":{},"end":{}}],"line":85},"7":{"loc":{"start":{"line":85,"column":8},"end":{"line":85,"column":45}},"type":"binary-expr","locations":[{"start":{"line":85,"column":8},"end":{"line":85,"column":15}},{"start":{"line":85,"column":19},"end":{"line":85,"column":45}}],"line":85},"8":{"loc":{"start":{"line":98,"column":2},"end":{"line":100,"column":3}},"type":"if","locations":[{"start":{"line":98,"column":2},"end":{"line":100,"column":3}},{"start":{},"end":{}}],"line":98},"9":{"loc":{"start":{"line":105,"column":17},"end":{"line":105,"column":32}},"type":"binary-expr","locations":[{"start":{"line":105,"column":17},"end":{"line":105,"column":27}},{"start":{"line":105,"column":31},"end":{"line":105,"column":32}}],"line":105},"10":{"loc":{"start":{"line":105,"column":37},"end":{"line":105,"column":52}},"type":"binary-expr","locations":[{"start":{"line":105,"column":37},"end":{"line":105,"column":47}},{"start":{"line":105,"column":51},"end":{"line":105,"column":52}}],"line":105},"11":{"loc":{"start":{"line":117,"column":2},"end":{"line":119,"column":3}},"type":"if","locations":[{"start":{"line":117,"column":2},"end":{"line":119,"column":3}},{"start":{},"end":{}}],"line":117},"12":{"loc":{"start":{"line":123,"column":9},"end":{"line":123,"column":73}},"type":"binary-expr","locations":[{"start":{"line":123,"column":9},"end":{"line":123,"column":65}},{"start":{"line":123,"column":69},"end":{"line":123,"column":73}}],"line":123}},"s":{"0":1,"1":1,"2":1,"3":0,"4":0,"5":0,"6":0,"7":0,"8":0,"9":0,"10":0,"11":0,"12":0,"13":0,"14":0,"15":0,"16":0,"17":0,"18":0,"19":0,"20":0,"21":0,"22":0,"23":0,"24":0,"25":0,"26":0,"27":0,"28":0,"29":0,"30":0,"31":0,"32":0,"33":0,"34":0,"35":0,"36":0,"37":3,"38":3,"39":3,"40":0,"41":0,"42":0,"43":0,"44":1},"f":{"0":0,"1":0,"2":0,"3":0,"4":0,"5":0,"6":0,"7":0,"8":0,"9":3,"10":0},"b":{"0":[0,0],"1":[0,0],"2":[0,0],"3":[0,0],"4":[0,0],"5":[0,0],"6":[0,0],"7":[0,0],"8":[0,0],"9":[0,0],"10":[0,0],"11":[3,0],"12":[0,0]},"_coverageSchema":"1a1c01bbd47fc00a2c39e90264f33305004495a9","hash":"bb5630ccc3d5a3df58d3545e0753c53de85dfb5b"}
,"/Users/nak0x/Code/JS CRAP/lead-tech/Project/app/queue/job_store.js": {"path":"/Users/nak0x/Code/JS CRAP/lead-tech/Project/app/queue/job_store.js","statementMap":{"0":{"start":{"line":12,"column":13},"end":{"line":12,"column":22}},"1":{"start":{"line":15,"column":2},"end":{"line":15,"column":49}},"2":{"start":{"line":19,"column":16},"end":{"line":19,"column":32}},"3":{"start":{"line":20,"column":2},"end":{"line":22,"column":3}},"4":{"start":{"line":21,"column":4},"end":{"line":21,"column":13}},"5":{"start":{"line":23,"column":2},"end":{"line":23,"column":55}},"6":{"start":{"line":27,"column":14},"end":{"line":27,"column":27}},"7":{"start":{"line":28,"column":2},"end":{"line":31,"column":3}},"8":{"start":{"line":29,"column":4},"end":{"line":29,"column":77}},"9":{"start":{"line":30,"column":4},"end":{"line":30,"column":25}},"10":{"start":{"line":32,"column":2},"end":{"line":32,"column":15}},"11":{"start":{"line":38,"column":2},"end":{"line":43,"column":5}},"12":{"start":{"line":48,"column":16},"end":{"line":48,"column":47}},"13":{"start":{"line":49,"column":2},"end":{"line":49,"column":24}},"14":{"start":{"line":50,"column":2},"end":{"line":52,"column":3}},"15":{"start":{"line":51,"column":4},"end":{"line":51,"column":45}},"16":{"start":{"line":57,"column":16},"end":{"line":57,"column":47}},"17":{"start":{"line":58,"column":2},"end":{"line":58,"column":43}},"18":{"start":{"line":63,"column":2},"end":{"line":68,"column":5}},"19":{"start":{"line":73,"column":16},"end":{"line":73,"column":47}},"20":{"start":{"line":74,"column":2},"end":{"line":74,"column":25}},"21":{"start":{"line":75,"column":2},"end":{"line":75,"column":43}},"22":{"start":{"line":80,"column":16},"end":{"line":80,"column":44}},"23":{"start":{"line":81,"column":2},"end":{"line":81,"column":73}},"24":{"start":{"line":87,"column":16},"end":{"line":87,"column":44}},"25":{"start":{"line":88,"column":2},"end":{"line":90,"column":3}},"26":{"start":{"line":89,"column":4},"end":{"line":89,"column":74}},"27":{"start":{"line":91,"column":2},"end":{"line":96,"column":4}},"28":{"start":{"line":99,"column":0},"end":{"line":108,"column":2}}},"fnMap":{"0":{"name":"normalizeKey","decl":{"start":{"line":14,"column":9},"end":{"line":14,"column":21}},"loc":{"start":{"line":14,"column":28},"end":{"line":16,"column":1}},"line":14},"1":{"name":"clampProgress","decl":{"start":{"line":18,"column":9},"end":{"line":18,"column":22}},"loc":{"start":{"line":18,"column":33},"end":{"line":24,"column":1}},"line":18},"2":{"name":"ensureEntry","decl":{"start":{"line":26,"column":9},"end":{"line":26,"column":20}},"loc":{"start":{"line":26,"column":26},"end":{"line":33,"column":1}},"line":26},"3":{"name":"markQueued","decl":{"start":{"line":37,"column":9},"end":{"line":37,"column":19}},"loc":{"start":{"line":37,"column":26},"end":{"line":44,"column":1}},"line":37},"4":{"name":"setStatus","decl":{"start":{"line":47,"column":9},"end":{"line":47,"column":18}},"loc":{"start":{"line":47,"column":43},"end":{"line":53,"column":1}},"line":47},"5":{"name":"setProgress","decl":{"start":{"line":56,"column":9},"end":{"line":56,"column":20}},"loc":{"start":{"line":56,"column":37},"end":{"line":59,"column":1}},"line":56},"6":{"name":"markComplete","decl":{"start":{"line":62,"column":9},"end":{"line":62,"column":21}},"loc":{"start":{"line":62,"column":40},"end":{"line":69,"column":1}},"line":62},"7":{"name":"markError","decl":{"start":{"line":72,"column":9},"end":{"line":72,"column":18}},"loc":{"start":{"line":72,"column":34},"end":{"line":76,"column":1}},"line":72},"8":{"name":"getObjectName","decl":{"start":{"line":79,"column":9},"end":{"line":79,"column":22}},"loc":{"start":{"line":79,"column":29},"end":{"line":82,"column":1}},"line":79},"9":{"name":"getStatus","decl":{"start":{"line":86,"column":9},"end":{"line":86,"column":18}},"loc":{"start":{"line":86,"column":25},"end":{"line":97,"column":1}},"line":86}},"branchMap":{"0":{"loc":{"start":{"line":15,"column":16},"end":{"line":15,"column":26}},"type":"binary-expr","locations":[{"start":{"line":15,"column":16},"end":{"line":15,"column":20}},{"start":{"line":15,"column":24},"end":{"line":15,"column":26}}],"line":15},"1":{"loc":{"start":{"line":20,"column":2},"end":{"line":22,"column":3}},"type":"if","locations":[{"start":{"line":20,"column":2},"end":{"line":22,"column":3}},{"start":{},"end":{}}],"line":20},"2":{"loc":{"start":{"line":28,"column":2},"end":{"line":31,"column":3}},"type":"if","locations":[{"start":{"line":28,"column":2},"end":{"line":31,"column":3}},{"start":{},"end":{}}],"line":28},"3":{"loc":{"start":{"line":50,"column":2},"end":{"line":52,"column":3}},"type":"if","locations":[{"start":{"line":50,"column":2},"end":{"line":52,"column":3}},{"start":{},"end":{}}],"line":50},"4":{"loc":{"start":{"line":75,"column":16},"end":{"line":75,"column":42}},"type":"binary-expr","locations":[{"start":{"line":75,"column":16},"end":{"line":75,"column":23}},{"start":{"line":75,"column":27},"end":{"line":75,"column":42}}],"line":75},"5":{"loc":{"start":{"line":81,"column":9},"end":{"line":81,"column":72}},"type":"cond-expr","locations":[{"start":{"line":81,"column":44},"end":{"line":81,"column":60}},{"start":{"line":81,"column":63},"end":{"line":81,"column":72}}],"line":81},"6":{"loc":{"start":{"line":81,"column":9},"end":{"line":81,"column":41}},"type":"binary-expr","locations":[{"start":{"line":81,"column":9},"end":{"line":81,"column":14}},{"start":{"line":81,"column":18},"end":{"line":81,"column":41}}],"line":81},"7":{"loc":{"start":{"line":88,"column":2},"end":{"line":90,"column":3}},"type":"if","locations":[{"start":{"line":88,"column":2},"end":{"line":90,"column":3}},{"start":{},"end":{}}],"line":88}},"s":{"0":1,"1":4,"2":0,"3":0,"4":0,"5":0,"6":0,"7":0,"8":0,"9":0,"10":0,"11":0,"12":0,"13":0,"14":0,"15":0,"16":0,"17":0,"18":0,"19":0,"20":0,"21":0,"22":3,"23":3,"24":1,"25":1,"26":1,"27":0,"28":1},"f":{"0":4,"1":0,"2":0,"3":0,"4":0,"5":0,"6":0,"7":0,"8":3,"9":1},"b":{"0":[4,0],"1":[0,0],"2":[0,0],"3":[0,0],"4":[0,0],"5":[0,3],"6":[3,0],"7":[1,0]},"_coverageSchema":"1a1c01bbd47fc00a2c39e90264f33305004495a9","hash":"d5f7a5876fb8a280c14c4bfd20401468bad372f4"}
,"/Users/nak0x/Code/JS CRAP/lead-tech/Project/app/queue/producer.js": {"path":"/Users/nak0x/Code/JS CRAP/lead-tech/Project/app/queue/producer.js","statementMap":{"0":{"start":{"line":4,"column":19},"end":{"line":4,"column":50}},"1":{"start":{"line":5,"column":15},"end":{"line":5,"column":35}},"2":{"start":{"line":7,"column":15},"end":{"line":7,"column":58}},"3":{"start":{"line":12,"column":18},"end":{"line":12,"column":53}},"4":{"start":{"line":13,"column":21},"end":{"line":13,"column":57}},"5":{"start":{"line":15,"column":2},"end":{"line":15,"column":77}},"6":{"start":{"line":18,"column":0},"end":{"line":20,"column":2}}},"fnMap":{"0":{"name":"publishZipJob","decl":{"start":{"line":11,"column":9},"end":{"line":11,"column":22}},"loc":{"start":{"line":11,"column":38},"end":{"line":16,"column":1}},"line":11}},"branchMap":{"0":{"loc":{"start":{"line":12,"column":35},"end":{"line":12,"column":51}},"type":"binary-expr","locations":[{"start":{"line":12,"column":35},"end":{"line":12,"column":42}},{"start":{"line":12,"column":46},"end":{"line":12,"column":51}}],"line":12}},"s":{"0":1,"1":1,"2":1,"3":0,"4":0,"5":0,"6":1},"f":{"0":0},"b":{"0":[0,0]},"_coverageSchema":"1a1c01bbd47fc00a2c39e90264f33305004495a9","hash":"b8a04d22583023b0bb307efdf4338a0c121754fc"}
,"/Users/nak0x/Code/JS CRAP/lead-tech/Project/app/storage/storage.js": {"path":"/Users/nak0x/Code/JS CRAP/lead-tech/Project/app/storage/storage.js","statementMap":{"0":{"start":{"line":3,"column":20},"end":{"line":3,"column":52}},"1":{"start":{"line":4,"column":15},"end":{"line":4,"column":32}},"2":{"start":{"line":5,"column":15},"end":{"line":5,"column":35}},"3":{"start":{"line":7,"column":16},"end":{"line":7,"column":60}},"4":{"start":{"line":13,"column":15},"end":{"line":13,"column":68}},"5":{"start":{"line":15,"column":17},"end":{"line":21,"column":4}},"6":{"start":{"line":23,"column":2},"end":{"line":29,"column":5}},"7":{"start":{"line":24,"column":4},"end":{"line":24,"column":31}},"8":{"start":{"line":25,"column":4},"end":{"line":25,"column":31}},"9":{"start":{"line":26,"column":4},"end":{"line":26,"column":45}},"10":{"start":{"line":26,"column":30},"end":{"line":26,"column":43}},"11":{"start":{"line":28,"column":4},"end":{"line":28,"column":24}},"12":{"start":{"line":35,"column":2},"end":{"line":38,"column":24}},"13":{"start":{"line":43,"column":18},"end":{"line":46,"column":3}},"14":{"start":{"line":48,"column":21},"end":{"line":51,"column":26}},"15":{"start":{"line":53,"column":2},"end":{"line":53,"column":23}},"16":{"start":{"line":56,"column":0},"end":{"line":60,"column":2}}},"fnMap":{"0":{"name":"uploadStream","decl":{"start":{"line":12,"column":9},"end":{"line":12,"column":21}},"loc":{"start":{"line":12,"column":55},"end":{"line":30,"column":1}},"line":12},"1":{"name":"(anonymous_1)","decl":{"start":{"line":23,"column":21},"end":{"line":23,"column":22}},"loc":{"start":{"line":23,"column":42},"end":{"line":29,"column":3}},"line":23},"2":{"name":"(anonymous_2)","decl":{"start":{"line":26,"column":24},"end":{"line":26,"column":25}},"loc":{"start":{"line":26,"column":30},"end":{"line":26,"column":43}},"line":26},"3":{"name":"createReadStream","decl":{"start":{"line":34,"column":9},"end":{"line":34,"column":25}},"loc":{"start":{"line":34,"column":38},"end":{"line":39,"column":1}},"line":34},"4":{"name":"getDownloadUrl","decl":{"start":{"line":42,"column":15},"end":{"line":42,"column":29}},"loc":{"start":{"line":42,"column":42},"end":{"line":54,"column":1}},"line":42}},"branchMap":{},"s":{"0":1,"1":1,"2":1,"3":1,"4":0,"5":0,"6":0,"7":0,"8":0,"9":0,"10":0,"11":0,"12":0,"13":0,"14":0,"15":0,"16":1},"f":{"0":0,"1":0,"2":0,"3":0,"4":0},"b":{},"_coverageSchema":"1a1c01bbd47fc00a2c39e90264f33305004495a9","hash":"28fda6ea1cbcc6b07be39bdfd78667b540f5e2dc"}
}
