TN:
SF:app/config.js
FNF:0
FNH:0
DA:9,2
DA:13,2
DA:14,2
DA:16,2
DA:22,2
DA:23,2
DA:26,2
DA:33,2
DA:36,2
LF:9
LH:9
BRDA:13,0,0,2
BRDA:13,0,1,0
BRDA:22,1,0,2
BRDA:22,1,1,2
BRDA:23,2,0,2
BRDA:23,2,1,0
BRDA:26,3,0,2
BRDA:26,3,1,2
BRDA:33,4,0,2
BRDA:33,4,1,2
BRDA:38,5,0,2
BRDA:38,5,1,0
BRDA:41,6,0,2
BRDA:41,6,1,2
BRDA:42,7,0,2
BRDA:42,7,1,2
BRDA:45,8,0,2
BRDA:45,8,1,0
BRDA:49,9,0,0
BRDA:49,9,1,2
BRDA:62,10,0,2
BRDA:62,10,1,2
BRDA:67,11,0,0
BRDA:67,11,1,2
BRDA:74,12,0,0
BRDA:74,12,1,2
BRDA:86,13,0,2
BRDA:86,13,1,2
BRDA:87,14,0,2
BRDA:87,14,1,2
BRDA:88,15,0,2
BRDA:88,15,1,2
BRDA:93,16,0,0
BRDA:93,16,1,2
BRDA:101,17,0,0
BRDA:101,17,1,2
BRDA:103,18,0,2
BRDA:103,18,1,2
BRDA:108,19,0,2
BRDA:108,19,1,0
BRDA:109,20,0,2
BRDA:109,20,1,0
BRDA:111,21,0,2
BRDA:111,21,1,0
BRF:44
BRH:32
end_of_record
TN:
SF:app/form_validator.js
FN:1,isValidCommaDelimitedList
FN:7,isValidTagmode
FN:11,hasValidFlickrAPIParams
FNF:3
FNH:3
FNDA:10,isValidCommaDelimitedList
FNDA:7,isValidTagmode
FNDA:6,hasValidFlickrAPIParams
DA:3,10
DA:4,10
DA:8,7
DA:12,6
DA:15,2
LF:5
LH:5
BRDA:8,0,0,7
BRDA:8,0,1,3
BRDA:12,1,0,6
BRDA:12,1,1,4
BRF:4
BRH:4
end_of_record
TN:
SF:app/jsonp_helper.js
FN:1,parseJSONP
FNF:1
FNH:1
FNDA:5,parseJSONP
DA:2,5
DA:3,5
DA:4,5
DA:5,5
DA:8,5
DA:10,5
DA:12,2
DA:13,2
DA:17,4
LF:9
LH:9
BRF:0
BRH:0
end_of_record
TN:
SF:app/photo_model.js
FN:5,getFlickrPhotos
FN:10,(anonymous_1)
FN:13,(anonymous_2)
FNF:3
FNH:3
FNDA:3,getFlickrPhotos
FNDA:2,(anonymous_1)
FNDA:2,(anonymous_2)
DA:1,3
DA:2,3
DA:3,3
DA:6,3
DA:8,3
DA:10,3
DA:11,2
DA:13,1
DA:14,2
DA:15,2
DA:18,1
DA:22,3
LF:12
LH:12
BRF:0
BRH:0
end_of_record
TN:
SF:app/route.js
FN:13,resolveObjectName
FN:27,route
FN:28,(anonymous_2)
FN:61,(anonymous_3)
FN:66,(anonymous_4)
FN:80,(anonymous_5)
FN:101,(anonymous_6)
FN:122,(anonymous_7)
FN:134,(anonymous_8)
FN:154,(anonymous_9)
FNF:10
FNH:7
FNDA:3,resolveObjectName
FNDA:1,route
FNDA:4,(anonymous_2)
FNDA:1,(anonymous_3)
FNDA:1,(anonymous_4)
FNDA:0,(anonymous_5)
FNDA:2,(anonymous_6)
FNDA:0,(anonymous_7)
FNDA:2,(anonymous_8)
FNDA:0,(anonymous_9)
DA:1,1
DA:2,1
DA:3,1
DA:4,1
DA:5,1
DA:6,1
DA:7,1
DA:8,1
DA:14,3
DA:15,3
DA:16,0
DA:18,3
DA:19,3
DA:20,3
DA:22,0
DA:23,0
DA:28,1
DA:29,4
DA:30,4
DA:32,4
DA:44,4
DA:45,1
DA:49,3
DA:50,1
DA:51,1
DA:56,2
DA:59,2
DA:62,1
DA:63,1
DA:64,1
DA:67,1
DA:68,1
DA:80,1
DA:81,0
DA:82,0
DA:84,0
DA:85,0
DA:88,0
DA:89,0
DA:92,0
DA:93,0
DA:95,0
DA:96,0
DA:101,1
DA:102,2
DA:104,2
DA:105,1
DA:108,1
DA:109,1
DA:122,1
DA:123,0
DA:124,0
DA:125,0
DA:127,0
DA:128,0
DA:134,1
DA:135,2
DA:137,2
DA:138,1
DA:142,1
DA:143,1
DA:144,1
DA:147,0
DA:148,0
DA:150,0
DA:151,0
DA:153,0
DA:154,0
DA:155,0
DA:156,0
DA:157,0
DA:159,0
DA:163,0
DA:167,1
LF:74
LH:45
BRDA:15,0,0,0
BRDA:15,0,1,3
BRDA:20,1,0,0
BRDA:20,1,1,3
BRDA:33,2,0,4
BRDA:33,2,1,1
BRDA:34,3,0,4
BRDA:34,3,1,1
BRDA:44,4,0,1
BRDA:44,4,1,3
BRDA:44,5,0,4
BRDA:44,5,1,1
BRDA:49,6,0,1
BRDA:49,6,1,2
BRDA:82,7,0,0
BRDA:82,7,1,0
BRDA:84,8,0,0
BRDA:84,8,1,0
BRDA:104,9,0,1
BRDA:104,9,1,1
BRDA:113,10,0,0
BRDA:113,10,1,1
BRDA:137,11,0,1
BRDA:137,11,1,1
BRDA:143,12,0,1
BRDA:143,12,1,0
BRDA:148,13,0,0
BRDA:148,13,1,0
BRDA:156,14,0,0
BRDA:156,14,1,0
BRF:30
BRH:18
end_of_record
TN:
SF:app/server.js
FN:15,(anonymous_0)
FN:50,(anonymous_1)
FNF:2
FNH:0
FNDA:0,(anonymous_0)
FNDA:0,(anonymous_1)
DA:3,1
DA:5,1
DA:6,1
DA:7,1
DA:9,1
DA:15,1
DA:16,0
DA:19,1
DA:22,1
DA:23,1
DA:24,1
DA:27,1
DA:28,1
DA:29,1
DA:32,1
DA:35,1
DA:36,1
DA:37,1
DA:42,1
DA:43,0
DA:50,1
DA:52,1
LF:22
LH:20
BRDA:35,0,0,1
BRDA:35,0,1,1
BRDA:42,1,0,0
BRDA:42,1,1,1
BRF:4
BRH:3
end_of_record
TN:
SF:app/firebase/admin.js
FN:18,getApp
FN:49,getDb
FN:59,getAuth
FN:72,(anonymous_3)
FNF:4
FNH:2
FNDA:3,getApp
FNDA:3,getDb
FNDA:0,getAuth
FNDA:0,(anonymous_3)
DA:10,1
DA:12,1
DA:13,1
DA:19,3
DA:20,3
DA:22,0
DA:23,0
DA:25,0
DA:27,0
DA:31,0
DA:34,0
DA:41,0
DA:42,0
DA:45,0
DA:50,3
DA:51,3
DA:52,3
DA:54,0
DA:55,0
DA:60,0
DA:61,0
DA:62,0
DA:64,0
DA:65,0
DA:68,1
DA:72,0
LF:26
LH:9
BRDA:19,0,0,3
BRDA:19,0,1,0
BRDA:22,1,0,0
BRDA:22,1,1,0
BRDA:34,2,0,0
BRDA:34,2,1,0
BRDA:51,3,0,3
BRDA:51,3,1,0
BRDA:61,4,0,0
BRDA:61,4,1,0
BRF:10
BRH:2
end_of_record
TN:
SF:app/firebase/auth.js
FN:11,bearerToken
FN:19,requireAuth
FNF:2
FNH:0
FNDA:0,bearerToken
FNDA:0,requireAuth
DA:7,1
DA:8,1
DA:12,0
DA:13,0
DA:14,0
DA:20,0
DA:21,0
DA:24,0
DA:25,0
DA:27,0
DA:30,0
DA:31,0
DA:32,0
DA:35,0
DA:36,0
DA:37,0
DA:39,0
DA:40,0
DA:44,1
LF:19
LH:3
BRDA:12,0,0,0
BRDA:12,0,1,0
BRDA:14,1,0,0
BRDA:14,1,1,0
BRDA:20,2,0,0
BRDA:20,2,1,0
BRDA:25,3,0,0
BRDA:25,3,1,0
BRDA:31,4,0,0
BRDA:31,4,1,0
BRDA:39,5,0,0
BRDA:39,5,1,0
BRF:12
BRH:0
end_of_record
TN:
SF:app/firebase/zip_repository.js
FN:27,withTimeout
FN:30,(anonymous_1)
FN:31,(anonymous_2)
FN:37,normalizeKey
FN:44,filenameForTags
FN:54,filenameKey
FN:61,saveCompletedZip
FN:93,flatten
FN:98,(anonymous_8)
FN:103,(anonymous_9)
FN:111,listZips
FN:120,(anonymous_11)
FN:130,findLatestByTags
FN:138,(anonymous_13)
FNF:14
FNH:1
FNDA:0,withTimeout
FNDA:0,(anonymous_1)
FNDA:0,(anonymous_2)
FNDA:0,normalizeKey
FNDA:0,filenameForTags
FNDA:0,filenameKey
FNDA:0,saveCompletedZip
FNDA:0,flatten
FNDA:0,(anonymous_8)
FNDA:0,(anonymous_9)
FNDA:0,listZips
FNDA:0,(anonymous_11)
FNDA:3,findLatestByTags
FNDA:0,(anonymous_13)
DA:17,1
DA:18,1
DA:20,1
DA:25,1
DA:28,0
DA:31,0
DA:38,0
DA:45,0
DA:49,0
DA:55,0
DA:62,0
DA:63,0
DA:64,0
DA:67,0
DA:68,0
DA:69,0
DA:79,0
DA:80,0
DA:84,0
DA:86,0
DA:87,0
DA:94,0
DA:95,0
DA:96,0
DA:98,0
DA:99,0
DA:100,0
DA:101,0
DA:103,0
DA:104,0
DA:107,0
DA:112,0
DA:113,0
DA:114,0
DA:117,0
DA:118,0
DA:119,0
DA:120,0
DA:123,0
DA:124,0
DA:131,3
DA:132,3
DA:133,3
DA:136,0
DA:137,0
DA:138,0
DA:141,1
LF:47
LH:8
BRDA:38,0,0,0
BRDA:38,0,1,0
BRDA:45,1,0,0
BRDA:45,1,1,0
BRDA:49,2,0,0
BRDA:49,2,1,0
BRDA:63,3,0,0
BRDA:63,3,1,0
BRDA:74,4,0,0
BRDA:74,4,1,0
BRDA:95,5,0,0
BRDA:95,5,1,0
BRDA:100,6,0,0
BRDA:100,6,1,0
BRDA:100,7,0,0
BRDA:100,7,1,0
BRDA:113,8,0,0
BRDA:113,8,1,0
BRDA:120,9,0,0
BRDA:120,9,1,0
BRDA:120,10,0,0
BRDA:120,10,1,0
BRDA:132,11,0,3
BRDA:132,11,1,0
BRDA:138,12,0,0
BRDA:138,12,1,0
BRF:26
BRH:1
end_of_record
TN:
SF:app/queue/job_store.js
FN:14,normalizeKey
FN:18,clampProgress
FN:26,ensureEntry
FN:37,markQueued
FN:47,setStatus
FN:56,setProgress
FN:62,markComplete
FN:72,markError
FN:79,getObjectName
FN:86,getStatus
FNF:10
FNH:3
FNDA:4,normalizeKey
FNDA:0,clampProgress
FNDA:0,ensureEntry
FNDA:0,markQueued
FNDA:0,setStatus
FNDA:0,setProgress
FNDA:0,markComplete
FNDA:0,markError
FNDA:3,getObjectName
FNDA:1,getStatus
DA:12,1
DA:15,4
DA:19,0
DA:20,0
DA:21,0
DA:23,0
DA:27,0
DA:28,0
DA:29,0
DA:30,0
DA:32,0
DA:38,0
DA:48,0
DA:49,0
DA:50,0
DA:51,0
DA:57,0
DA:58,0
DA:63,0
DA:73,0
DA:74,0
DA:75,0
DA:80,3
DA:81,3
DA:87,1
DA:88,1
DA:89,1
DA:91,0
DA:99,1
LF:29
LH:8
BRDA:15,0,0,4
BRDA:15,0,1,0
BRDA:20,1,0,0
BRDA:20,1,1,0
BRDA:28,2,0,0
BRDA:28,2,1,0
BRDA:50,3,0,0
BRDA:50,3,1,0
BRDA:75,4,0,0
BRDA:75,4,1,0
BRDA:81,5,0,0
BRDA:81,5,1,3
BRDA:81,6,0,3
BRDA:81,6,1,0
BRDA:88,7,0,1
BRDA:88,7,1,0
BRF:16
BRH:4
end_of_record
TN:
SF:app/queue/producer.js
FN:11,publishZipJob
FNF:1
FNH:0
FNDA:0,publishZipJob
DA:4,1
DA:5,1
DA:7,1
DA:12,0
DA:13,0
DA:15,0
DA:18,1
LF:7
LH:4
BRDA:12,0,0,0
BRDA:12,0,1,0
BRF:2
BRH:0
end_of_record
TN:
SF:app/rate_limit/middleware.js
FN:13,clientIp
FN:20,rateLimit
FNF:2
FNH:2
FNDA:10,clientIp
FNDA:8,rateLimit
DA:6,2
DA:7,2
DA:14,10
DA:15,10
DA:16,10
DA:21,8
DA:22,1
DA:25,7
DA:26,7
DA:28,0
DA:29,0
DA:32,7
DA:33,7
DA:35,7
DA:36,7
DA:38,7
DA:39,1
DA:40,1
DA:46,6
DA:49,0
DA:50,0
DA:54,2
LF:22
LH:18
BRDA:15,0,0,10
BRDA:15,0,1,2
BRDA:15,0,2,2
BRDA:15,0,3,1
BRDA:16,1,0,9
BRDA:16,1,1,1
BRDA:21,2,0,1
BRDA:21,2,1,7
BRDA:26,3,0,0
BRDA:26,3,1,7
BRDA:38,4,0,1
BRDA:38,4,1,6
BRF:12
BRH:11
end_of_record
TN:
SF:app/rate_limit/rate_limiter.js
FN:24,bucketOptions
FN:41,toResult
FN:56,consumeWithRedis
FN:67,consumeInMemory
FN:80,consume
FN:98,_resetInMemory
FNF:6
FNH:5
FNDA:7,bucketOptions
FNDA:34,toResult
FNDA:0,consumeWithRedis
FNDA:34,consumeInMemory
FNDA:34,consume
FNDA:7,_resetInMemory
DA:15,2
DA:16,2
DA:17,2
DA:20,2
DA:25,7
DA:30,7
DA:31,0
DA:36,7
DA:42,34
DA:43,34
DA:44,34
DA:46,6
DA:47,6
DA:49,34
DA:57,0
DA:58,0
DA:59,0
DA:60,0
DA:61,0
DA:63,0
DA:68,34
DA:69,34
DA:70,7
DA:71,7
DA:73,34
DA:74,34
DA:81,34
DA:82,0
DA:83,0
DA:84,0
DA:85,0
DA:87,0
DA:94,34
DA:99,7
DA:102,2
LF:35
LH:23
BRDA:30,0,0,0
BRDA:30,0,1,7
BRDA:44,1,0,6
BRDA:44,1,1,28
BRDA:60,2,0,0
BRDA:60,2,1,0
BRDA:69,3,0,7
BRDA:69,3,1,27
BRDA:80,4,0,34
BRDA:81,5,0,0
BRDA:81,5,1,34
BRDA:83,6,0,0
BRDA:83,6,1,0
BRDA:89,7,0,0
BRDA:89,7,1,0
BRF:15
BRH:7
end_of_record
TN:
SF:app/rate_limit/redis.js
FN:35,socketOptions
FN:39,(anonymous_1)
FN:46,createClient
FN:60,buildAdapter
FN:63,(anonymous_4)
FN:69,(anonymous_5)
FN:72,(anonymous_6)
FN:74,(anonymous_7)
FN:81,isEnabled
FN:89,connect
FN:97,(anonymous_10)
FN:102,(anonymous_11)
FN:117,(anonymous_12)
FN:131,getAdapter
FN:136,(anonymous_14)
FN:142,disconnect
FNF:16
FNH:2
FNDA:0,socketOptions
FNDA:0,(anonymous_1)
FNDA:0,createClient
FNDA:0,buildAdapter
FNDA:0,(anonymous_4)
FNDA:0,(anonymous_5)
FNDA:0,(anonymous_6)
FNDA:0,(anonymous_7)
FNDA:35,isEnabled
FNDA:1,connect
FNDA:0,(anonymous_10)
FNDA:0,(anonymous_11)
FNDA:0,(anonymous_12)
FNDA:0,getAdapter
FNDA:0,(anonymous_14)
FNDA:0,disconnect
DA:18,2
DA:20,2
DA:21,2
DA:23,2
DA:26,2
DA:36,0
DA:40,0
DA:47,0
DA:48,0
DA:49,0
DA:51,0
DA:61,0
DA:64,0
DA:65,0
DA:66,0
DA:67,0
DA:69,0
DA:73,0
DA:74,0
DA:82,35
DA:90,1
DA:91,1
DA:93,0
DA:94,0
DA:97,0
DA:98,0
DA:99,0
DA:102,0
DA:103,0
DA:105,0
DA:106,0
DA:107,0
DA:108,0
DA:110,0
DA:114,0
DA:115,0
DA:117,0
DA:118,0
DA:120,0
DA:124,0
DA:132,0
DA:133,0
DA:135,0
DA:136,0
DA:138,0
DA:143,0
DA:144,0
DA:145,0
DA:150,0
DA:151,0
DA:152,0
DA:153,0
DA:156,2
LF:53
LH:9
BRDA:40,0,0,0
BRDA:40,0,1,0
BRDA:48,1,0,0
BRDA:48,1,1,0
BRDA:90,2,0,1
BRDA:90,2,1,0
BRDA:90,3,0,1
BRDA:90,3,1,0
BRDA:93,4,0,0
BRDA:93,4,1,0
BRDA:103,5,0,0
BRDA:103,5,1,0
BRDA:112,6,0,0
BRDA:112,6,1,0
BRDA:115,7,0,0
BRDA:115,7,1,0
BRDA:132,8,0,0
BRDA:132,8,1,0
BRDA:135,9,0,0
BRDA:135,9,1,0
BRDA:135,10,0,0
BRDA:135,10,1,0
BRDA:135,10,2,0
BRDA:143,11,0,0
BRDA:143,11,1,0
BRF:25
BRH:2
end_of_record
TN:
SF:app/storage/storage.js
FN:12,uploadStream
FN:23,(anonymous_1)
FN:26,(anonymous_2)
FN:34,createReadStream
FN:42,getDownloadUrl
FNF:5
FNH:0
FNDA:0,uploadStream
FNDA:0,(anonymous_1)
FNDA:0,(anonymous_2)
FNDA:0,createReadStream
FNDA:0,getDownloadUrl
DA:3,1
DA:4,1
DA:5,1
DA:7,1
DA:13,0
DA:15,0
DA:23,0
DA:24,0
DA:25,0
DA:26,0
DA:28,0
DA:35,0
DA:43,0
DA:48,0
DA:53,0
DA:56,1
LF:16
LH:5
BRF:0
BRH:0
end_of_record
