TN:
SF:app/config.js
FNF:0
FNH:0
DA:9,1
DA:13,1
DA:14,1
DA:16,1
DA:23,1
DA:26,1
LF:6
LH:6
BRDA:13,0,0,1
BRDA:13,0,1,0
BRDA:23,1,0,1
BRDA:23,1,1,1
BRDA:28,2,0,1
BRDA:28,2,1,0
BRDA:31,3,0,1
BRDA:31,3,1,1
BRDA:32,4,0,1
BRDA:32,4,1,1
BRDA:35,5,0,1
BRDA:35,5,1,0
BRDA:39,6,0,0
BRDA:39,6,1,1
BRDA:52,7,0,1
BRDA:52,7,1,1
BRDA:57,8,0,0
BRDA:57,8,1,1
BRDA:64,9,0,0
BRDA:64,9,1,1
BRF:20
BRH:14
end_of_record
TN:
SF:app/form_validator.js
FN:1,isValidCommaDelimitedList
FN:7,isValidTagmode
FN:11,hasValidFlickrAPIParams
FNF:3
FNH:3
FNDA:10,isValidCommaDelimitedList
FNDA:7,isValidTagmode
FNDA:6,hasValidFlickrAPIParams
DA:3,10
DA:4,10
DA:8,7
DA:12,6
DA:15,2
LF:5
LH:5
BRDA:8,0,0,7
BRDA:8,0,1,3
BRDA:12,1,0,6
BRDA:12,1,1,4
BRF:4
BRH:4
end_of_record
TN:
SF:app/jsonp_helper.js
FN:1,parseJSONP
FNF:1
FNH:1
FNDA:5,parseJSONP
DA:2,5
DA:3,5
DA:4,5
DA:5,5
DA:8,5
DA:10,5
DA:12,2
DA:13,2
DA:17,4
LF:9
LH:9
BRF:0
BRH:0
end_of_record
TN:
SF:app/photo_model.js
FN:5,getFlickrPhotos
FN:10,(anonymous_1)
FN:13,(anonymous_2)
FNF:3
FNH:3
FNDA:3,getFlickrPhotos
FNDA:2,(anonymous_1)
FNDA:2,(anonymous_2)
DA:1,3
DA:2,3
DA:3,3
DA:6,3
DA:8,3
DA:10,3
DA:11,2
DA:13,1
DA:14,2
DA:15,2
DA:18,1
DA:22,3
LF:12
LH:12
BRF:0
BRH:0
end_of_record
TN:
SF:app/route.js
FN:12,resolveObjectName
FN:26,route
FN:27,(anonymous_2)
FN:60,(anonymous_3)
FN:65,(anonymous_4)
FN:75,(anonymous_5)
FN:96,(anonymous_6)
FN:117,(anonymous_7)
FN:129,(anonymous_8)
FN:149,(anonymous_9)
FNF:10
FNH:7
FNDA:3,resolveObjectName
FNDA:1,route
FNDA:4,(anonymous_2)
FNDA:1,(anonymous_3)
FNDA:1,(anonymous_4)
FNDA:0,(anonymous_5)
FNDA:2,(anonymous_6)
FNDA:0,(anonymous_7)
FNDA:2,(anonymous_8)
FNDA:0,(anonymous_9)
DA:1,1
DA:2,1
DA:3,1
DA:4,1
DA:5,1
DA:6,1
DA:7,1
DA:13,3
DA:14,3
DA:15,0
DA:17,3
DA:18,3
DA:19,3
DA:21,0
DA:22,0
DA:27,1
DA:28,4
DA:29,4
DA:31,4
DA:43,4
DA:44,1
DA:48,3
DA:49,1
DA:50,1
DA:55,2
DA:58,2
DA:61,1
DA:62,1
DA:63,1
DA:66,1
DA:67,1
DA:75,1
DA:76,0
DA:77,0
DA:79,0
DA:80,0
DA:83,0
DA:84,0
DA:87,0
DA:88,0
DA:90,0
DA:91,0
DA:96,1
DA:97,2
DA:99,2
DA:100,1
DA:103,1
DA:104,1
DA:117,1
DA:118,0
DA:119,0
DA:120,0
DA:122,0
DA:123,0
DA:129,1
DA:130,2
DA:132,2
DA:133,1
DA:137,1
DA:138,1
DA:139,1
DA:142,0
DA:143,0
DA:145,0
DA:146,0
DA:148,0
DA:149,0
DA:150,0
DA:151,0
DA:152,0
DA:154,0
DA:158,0
DA:162,1
LF:73
LH:44
BRDA:14,0,0,0
BRDA:14,0,1,3
BRDA:19,1,0,0
BRDA:19,1,1,3
BRDA:32,2,0,4
BRDA:32,2,1,1
BRDA:33,3,0,4
BRDA:33,3,1,1
BRDA:43,4,0,1
BRDA:43,4,1,3
BRDA:43,5,0,4
BRDA:43,5,1,1
BRDA:48,6,0,1
BRDA:48,6,1,2
BRDA:77,7,0,0
BRDA:77,7,1,0
BRDA:79,8,0,0
BRDA:79,8,1,0
BRDA:99,9,0,1
BRDA:99,9,1,1
BRDA:108,10,0,0
BRDA:108,10,1,1
BRDA:132,11,0,1
BRDA:132,11,1,1
BRDA:138,12,0,1
BRDA:138,12,1,0
BRDA:143,13,0,0
BRDA:143,13,1,0
BRDA:151,14,0,0
BRDA:151,14,1,0
BRF:30
BRH:18
end_of_record
TN:
SF:app/server.js
FN:15,(anonymous_0)
FNF:1
FNH:0
FNDA:0,(anonymous_0)
DA:3,1
DA:5,1
DA:6,1
DA:7,1
DA:9,1
DA:15,1
DA:16,0
DA:19,1
DA:22,1
DA:23,1
DA:24,1
DA:27,1
DA:28,1
DA:29,1
DA:32,1
DA:35,1
DA:36,1
DA:37,1
DA:42,1
DA:43,0
DA:46,1
LF:21
LH:19
BRDA:35,0,0,1
BRDA:35,0,1,1
BRDA:42,1,0,0
BRDA:42,1,1,1
BRF:4
BRH:3
end_of_record
TN:
SF:app/firebase/admin.js
FN:18,getApp
FN:48,getDb
FN:54,getAuth
FN:63,(anonymous_3)
FNF:4
FNH:2
FNDA:3,getApp
FNDA:3,getDb
FNDA:0,getAuth
FNDA:0,(anonymous_3)
DA:10,1
DA:12,1
DA:13,1
DA:19,3
DA:20,3
DA:22,0
DA:23,0
DA:25,0
DA:27,0
DA:30,0
DA:33,0
DA:40,0
DA:41,0
DA:44,0
DA:49,3
DA:50,3
DA:55,0
DA:56,0
DA:59,1
DA:63,0
LF:20
LH:8
BRDA:19,0,0,3
BRDA:19,0,1,0
BRDA:22,1,0,0
BRDA:22,1,1,0
BRDA:33,2,0,0
BRDA:33,2,1,0
BRDA:50,3,0,0
BRDA:50,3,1,3
BRDA:56,4,0,0
BRDA:56,4,1,0
BRF:10
BRH:2
end_of_record
TN:
SF:app/firebase/auth.js
FN:11,bearerToken
FN:19,requireAuth
FNF:2
FNH:0
FNDA:0,bearerToken
FNDA:0,requireAuth
DA:7,1
DA:8,1
DA:12,0
DA:13,0
DA:14,0
DA:20,0
DA:21,0
DA:24,0
DA:25,0
DA:27,0
DA:30,0
DA:31,0
DA:32,0
DA:35,0
DA:36,0
DA:37,0
DA:39,0
DA:40,0
DA:44,1
LF:19
LH:3
BRDA:12,0,0,0
BRDA:12,0,1,0
BRDA:14,1,0,0
BRDA:14,1,1,0
BRDA:20,2,0,0
BRDA:20,2,1,0
BRDA:25,3,0,0
BRDA:25,3,1,0
BRDA:31,4,0,0
BRDA:31,4,1,0
BRDA:39,5,0,0
BRDA:39,5,1,0
BRF:12
BRH:0
end_of_record
TN:
SF:app/firebase/zip_repository.js
FN:23,normalizeKey
FN:30,filenameForTags
FN:40,filenameKey
FN:47,saveCompletedZip
FN:78,flatten
FN:83,(anonymous_5)
FN:88,(anonymous_6)
FN:96,listZips
FN:105,(anonymous_8)
FN:115,findLatestByTags
FN:123,(anonymous_10)
FNF:11
FNH:1
FNDA:0,normalizeKey
FNDA:0,filenameForTags
FNDA:0,filenameKey
FNDA:0,saveCompletedZip
FNDA:0,flatten
FNDA:0,(anonymous_5)
FNDA:0,(anonymous_6)
FNDA:0,listZips
FNDA:0,(anonymous_8)
FNDA:3,findLatestByTags
FNDA:0,(anonymous_10)
DA:17,1
DA:18,1
DA:20,1
DA:24,0
DA:31,0
DA:35,0
DA:41,0
DA:48,0
DA:49,0
DA:50,0
DA:53,0
DA:54,0
DA:55,0
DA:65,0
DA:66,0
DA:69,0
DA:71,0
DA:72,0
DA:79,0
DA:80,0
DA:81,0
DA:83,0
DA:84,0
DA:85,0
DA:86,0
DA:88,0
DA:89,0
DA:92,0
DA:97,0
DA:98,0
DA:99,0
DA:102,0
DA:103,0
DA:104,0
DA:105,0
DA:108,0
DA:109,0
DA:116,3
DA:117,3
DA:118,3
DA:121,0
DA:122,0
DA:123,0
DA:126,1
LF:44
LH:7
BRDA:24,0,0,0
BRDA:24,0,1,0
BRDA:31,1,0,0
BRDA:31,1,1,0
BRDA:35,2,0,0
BRDA:35,2,1,0
BRDA:49,3,0,0
BRDA:49,3,1,0
BRDA:60,4,0,0
BRDA:60,4,1,0
BRDA:80,5,0,0
BRDA:80,5,1,0
BRDA:85,6,0,0
BRDA:85,6,1,0
BRDA:85,7,0,0
BRDA:85,7,1,0
BRDA:98,8,0,0
BRDA:98,8,1,0
BRDA:105,9,0,0
BRDA:105,9,1,0
BRDA:105,10,0,0
BRDA:105,10,1,0
BRDA:117,11,0,3
BRDA:117,11,1,0
BRDA:123,12,0,0
BRDA:123,12,1,0
BRF:26
BRH:1
end_of_record
TN:
SF:app/queue/job_store.js
FN:14,normalizeKey
FN:18,clampProgress
FN:26,ensureEntry
FN:37,markQueued
FN:47,setStatus
FN:56,setProgress
FN:62,markComplete
FN:72,markError
FN:79,getObjectName
FN:86,getStatus
FNF:10
FNH:3
FNDA:4,normalizeKey
FNDA:0,clampProgress
FNDA:0,ensureEntry
FNDA:0,markQueued
FNDA:0,setStatus
FNDA:0,setProgress
FNDA:0,markComplete
FNDA:0,markError
FNDA:3,getObjectName
FNDA:1,getStatus
DA:12,1
DA:15,4
DA:19,0
DA:20,0
DA:21,0
DA:23,0
DA:27,0
DA:28,0
DA:29,0
DA:30,0
DA:32,0
DA:38,0
DA:48,0
DA:49,0
DA:50,0
DA:51,0
DA:57,0
DA:58,0
DA:63,0
DA:73,0
DA:74,0
DA:75,0
DA:80,3
DA:81,3
DA:87,1
DA:88,1
DA:89,1
DA:91,0
DA:99,1
LF:29
LH:8
BRDA:15,0,0,4
BRDA:15,0,1,0
BRDA:20,1,0,0
BRDA:20,1,1,0
BRDA:28,2,0,0
BRDA:28,2,1,0
BRDA:50,3,0,0
BRDA:50,3,1,0
BRDA:75,4,0,0
BRDA:75,4,1,0
BRDA:81,5,0,0
BRDA:81,5,1,3
BRDA:81,6,0,3
BRDA:81,6,1,0
BRDA:88,7,0,1
BRDA:88,7,1,0
BRF:16
BRH:4
end_of_record
TN:
SF:app/queue/producer.js
FN:11,publishZipJob
FNF:1
FNH:0
FNDA:0,publishZipJob
DA:4,1
DA:5,1
DA:7,1
DA:12,0
DA:13,0
DA:15,0
DA:18,1
LF:7
LH:4
BRDA:12,0,0,0
BRDA:12,0,1,0
BRF:2
BRH:0
end_of_record
TN:
SF:app/storage/storage.js
FN:12,uploadStream
FN:23,(anonymous_1)
FN:26,(anonymous_2)
FN:34,createReadStream
FN:42,getDownloadUrl
FNF:5
FNH:0
FNDA:0,uploadStream
FNDA:0,(anonymous_1)
FNDA:0,(anonymous_2)
FNDA:0,createReadStream
FNDA:0,getDownloadUrl
DA:3,1
DA:4,1
DA:5,1
DA:7,1
DA:13,0
DA:15,0
DA:23,0
DA:24,0
DA:25,0
DA:26,0
DA:28,0
DA:35,0
DA:43,0
DA:48,0
DA:53,0
DA:56,1
LF:16
LH:5
BRF:0
BRH:0
end_of_record
